Using pre-set license
Built from '2022.3/release' branch; Version is '2022.3.5f1 (9674261d40ee) revision 9860134'; Using compiler version '192829333'; Build Type 'Release'
OS: 'Windows 10  (10.0.19045) 64bit Professional' Language: 'es' Physical Memory: 32541 MB
BatchMode: 1, IsHumanControllingUs: 0, StartBugReporterOnCrash: 0, Is64bit: 1, IsPro: 1

COMMAND LINE ARGUMENTS:
C:\Program Files\Unity 2022.3.5f1\Editor\Unity.exe
-adb2
-batchMode
-noUpm
-name
AssetImportWorker6
-projectPath
E:/GitHub/TESIS/Tesis Enchanted Skylands
-logFile
Logs/AssetImportWorker6.log
-srvPort
50190
Successfully changed project path to: E:/GitHub/TESIS/Tesis Enchanted Skylands
E:/GitHub/TESIS/Tesis Enchanted Skylands
[UnityMemory] Configuration Parameters - Can be set up in boot.config
    "memorysetup-bucket-allocator-granularity=16"
    "memorysetup-bucket-allocator-bucket-count=8"
    "memorysetup-bucket-allocator-block-size=33554432"
    "memorysetup-bucket-allocator-block-count=8"
    "memorysetup-main-allocator-block-size=16777216"
    "memorysetup-thread-allocator-block-size=16777216"
    "memorysetup-gfx-main-allocator-block-size=16777216"
    "memorysetup-gfx-thread-allocator-block-size=16777216"
    "memorysetup-cache-allocator-block-size=4194304"
    "memorysetup-typetree-allocator-block-size=2097152"
    "memorysetup-profiler-bucket-allocator-granularity=16"
    "memorysetup-profiler-bucket-allocator-bucket-count=8"
    "memorysetup-profiler-bucket-allocator-block-size=33554432"
    "memorysetup-profiler-bucket-allocator-block-count=8"
    "memorysetup-profiler-allocator-block-size=16777216"
    "memorysetup-profiler-editor-allocator-block-size=1048576"
    "memorysetup-temp-allocator-size-main=16777216"
    "memorysetup-job-temp-allocator-block-size=2097152"
    "memorysetup-job-temp-allocator-block-size-background=1048576"
    "memorysetup-job-temp-allocator-reduction-small-platforms=262144"
    "memorysetup-allocator-temp-initial-block-size-main=262144"
    "memorysetup-allocator-temp-initial-block-size-worker=262144"
    "memorysetup-temp-allocator-size-background-worker=32768"
    "memorysetup-temp-allocator-size-job-worker=262144"
    "memorysetup-temp-allocator-size-preload-manager=33554432"
    "memorysetup-temp-allocator-size-nav-mesh-worker=65536"
    "memorysetup-temp-allocator-size-audio-worker=65536"
    "memorysetup-temp-allocator-size-cloud-worker=32768"
    "memorysetup-temp-allocator-size-gi-baking-worker=262144"
    "memorysetup-temp-allocator-size-gfx=262144"
Player connection [16160] Host "[IP] 192.168.0.102 [Port] 0 [Flags] 2 [Guid] 353561430 [EditorId] 353561430 [Version] 1048832 [Id] WindowsEditor(7,DESKTOP-IOH5AP5) [Debug] 1 [PackageName] WindowsEditor [ProjectName] Editor" joined multi-casting on [225.0.0.222:54997]...

Player connection [16160] Host "[IP] 192.168.0.102 [Port] 0 [Flags] 2 [Guid] 353561430 [EditorId] 353561430 [Version] 1048832 [Id] WindowsEditor(7,DESKTOP-IOH5AP5) [Debug] 1 [PackageName] WindowsEditor [ProjectName] Editor" joined alternative multi-casting on [225.0.0.222:34997]...

Refreshing native plugins compatible for Editor in 9.47 ms, found 3 plugins.
Preloading 0 native plugins for Editor in 0.00 ms.
Initialize engine version: 2022.3.5f1 (9674261d40ee)
[Subsystems] Discovering subsystems at path C:/Program Files/Unity 2022.3.5f1/Editor/Data/Resources/UnitySubsystems
[Subsystems] Discovering subsystems at path E:/GitHub/TESIS/Tesis Enchanted Skylands/Assets
GfxDevice: creating device client; threaded=0; jobified=0
Direct3D:
    Version:  Direct3D 11.0 [level 11.1]
    Renderer: NVIDIA GeForce GTX 1060 6GB (ID=0x1b83)
    Vendor:   NVIDIA
    VRAM:     6043 MB
    Driver:   31.0.15.3699
Initialize mono
Mono path[0] = 'C:/Program Files/Unity 2022.3.5f1/Editor/Data/Managed'
Mono path[1] = 'C:/Program Files/Unity 2022.3.5f1/Editor/Data/MonoBleedingEdge/lib/mono/unityjit-win32'
Mono config path = 'C:/Program Files/Unity 2022.3.5f1/Editor/Data/MonoBleedingEdge/etc'
Using monoOptions --debugger-agent=transport=dt_socket,embedding=1,server=y,suspend=n,address=127.0.0.1:56936
Begin MonoManager ReloadAssembly
Registering precompiled unity dll's ...
Register platform support module: C:/Program Files/Unity 2022.3.5f1/Editor/Data/PlaybackEngines/WindowsStandaloneSupport/UnityEditor.WindowsStandalone.Extensions.dll
Registered in 0.008671 seconds.
- Loaded All Assemblies, in  0.368 seconds
Native extension for WindowsStandalone target not found
Mono: successfully reloaded assembly
- Finished resetting the current domain, in  0.297 seconds
Domain Reload Profiling: 662ms
	BeginReloadAssembly (97ms)
		ExecutionOrderSort (0ms)
		DisableScriptedObjects (0ms)
		BackupInstance (0ms)
		ReleaseScriptingObjects (0ms)
		CreateAndSetChildDomain (1ms)
	RebuildCommonClasses (38ms)
	RebuildNativeTypeToScriptingClass (13ms)
	initialDomainReloadingComplete (70ms)
	LoadAllAssembliesAndSetupDomain (147ms)
		LoadAssemblies (94ms)
		RebuildTransferFunctionScriptingTraits (0ms)
		AnalyzeDomain (139ms)
			TypeCache.Refresh (138ms)
				TypeCache.ScanAssembly (126ms)
			ScanForSourceGeneratedMonoScriptInfo (0ms)
			ResolveRequiredComponents (0ms)
	FinalizeReload (297ms)
		ReleaseScriptCaches (0ms)
		RebuildScriptCaches (0ms)
		SetupLoadedEditorAssemblies (237ms)
			LogAssemblyErrors (0ms)
			InitializePlatformSupportModulesInManaged (10ms)
			SetLoadedEditorAssemblies (8ms)
			RefreshPlugins (0ms)
			BeforeProcessingInitializeOnLoad (3ms)
			ProcessInitializeOnLoadAttributes (159ms)
			ProcessInitializeOnLoadMethodAttributes (56ms)
			AfterProcessingInitializeOnLoad (0ms)
			EditorAssembliesLoaded (0ms)
		ExecutionOrderSort2 (0ms)
		AwakeInstancesAfterBackupRestoration (0ms)
========================================================================
Worker process is ready to serve import requests
Begin MonoManager ReloadAssembly
Symbol file LoadedFromMemory doesn't match image E:\GitHub\TESIS\Tesis Enchanted Skylands\Library\PackageCache\com.unity.visualscripting@1.8.0\Editor\VisualScripting.Core\Dependencies\YamlDotNet\Unity.VisualScripting.YamlDotNet.dll
Symbol file LoadedFromMemory doesn't match image E:\GitHub\TESIS\Tesis Enchanted Skylands\Library\PackageCache\com.unity.visualscripting@1.8.0\Editor\VisualScripting.Core\Dependencies\DotNetZip\Unity.VisualScripting.IonicZip.dll
- Loaded All Assemblies, in  0.810 seconds
Refreshing native plugins compatible for Editor in 2.84 ms, found 3 plugins.
Native extension for WindowsStandalone target not found
Package Manager log level set to [2]
[Package Manager] Server::EnsureServerProcessIsRunning -- launch failed, reason: Unity was launched with the -noUpm command-line argument
[Package Manager] UpmClient::Send -- Unable to send message (not connected to UPM process).
[Package Manager] Cannot connect to Unity Package Manager local server
[Package Manager] Server::EnsureServerProcessIsRunning -- launch failed, reason: Unity was launched with the -noUpm command-line argument
[Package Manager] UpmClient::Send -- Unable to send message (not connected to UPM process).
[Package Manager] Cannot connect to Unity Package Manager local server
Mono: successfully reloaded assembly
- Finished resetting the current domain, in  0.825 seconds
Domain Reload Profiling: 1633ms
	BeginReloadAssembly (145ms)
		ExecutionOrderSort (0ms)
		DisableScriptedObjects (7ms)
		BackupInstance (0ms)
		ReleaseScriptingObjects (0ms)
		CreateAndSetChildDomain (17ms)
	RebuildCommonClasses (36ms)
	RebuildNativeTypeToScriptingClass (12ms)
	initialDomainReloadingComplete (49ms)
	LoadAllAssembliesAndSetupDomain (565ms)
		LoadAssemblies (274ms)
		RebuildTransferFunctionScriptingTraits (0ms)
		AnalyzeDomain (354ms)
			TypeCache.Refresh (308ms)
				TypeCache.ScanAssembly (296ms)
			ScanForSourceGeneratedMonoScriptInfo (25ms)
			ResolveRequiredComponents (21ms)
	FinalizeReload (826ms)
		ReleaseScriptCaches (0ms)
		RebuildScriptCaches (0ms)
		SetupLoadedEditorAssemblies (593ms)
			LogAssemblyErrors (0ms)
			InitializePlatformSupportModulesInManaged (8ms)
			SetLoadedEditorAssemblies (3ms)
			RefreshPlugins (0ms)
			BeforeProcessingInitializeOnLoad (78ms)
			ProcessInitializeOnLoadAttributes (419ms)
			ProcessInitializeOnLoadMethodAttributes (73ms)
			AfterProcessingInitializeOnLoad (11ms)
			EditorAssembliesLoaded (0ms)
		ExecutionOrderSort2 (0ms)
		AwakeInstancesAfterBackupRestoration (7ms)
Launched and connected shader compiler UnityShaderCompiler.exe after 0.03 seconds
Refreshing native plugins compatible for Editor in 3.70 ms, found 3 plugins.
Preloading 0 native plugins for Editor in 0.00 ms.
Unloading 6218 Unused Serialized files (Serialized files now loaded: 0)
Unloading 84 unused Assets / (433.5 KB). Loaded Objects now: 6705.
Memory consumption went from 386.1 MB to 385.7 MB.
Total: 4.093800 ms (FindLiveObjects: 0.747800 ms CreateObjectMapping: 0.249000 ms MarkObjects: 2.830900 ms  DeleteObjects: 0.264900 ms)

AssetImportParameters requested are different than current active one (requested -> active):
  custom:container-demuxer-ogg: 62fdf1f143b41e24485cea50d1cbac27 -> 
  custom:video-decoder-ogg-theora: a1e56fd34408186e4bbccfd4996cb3dc -> 
  custom:framework-win-MediaFoundation: 216162199b28c13a410421893ffa2e32 -> 
  custom:CustomObjectIndexerAttribute: a3ef5dd2817f97addfee359851a9dba5 -> 
  custom:container-demuxer-webm: 4f35f7cbe854078d1ac9338744f61a02 -> 
  custom:container-muxer-webm: aa71ff27fc2769a1b78a27578f13a17b -> 
  custom:video-decoder-webm-vp8: 9c59270c3fd7afecdb556c50c9e8de78 -> 
  custom:AudioImporter_EditorPlatform: d09bf68614088b80899f8185d706f6e7 -> 
  custom:video-encoder-webm-vp8: eb34c28f22e8b96e1ab97ce403110664 -> 
  custom:audio-decoder-ogg-vorbis: bf7c407c2cedff20999df2af8eb42d56 -> 
  custom:audio-encoder-webm-vorbis: bf7c407c2cedff20999df2af8eb42d56 -> 
========================================================================
Received Import Request.
  Time since last request: 1055798.119490 seconds.
  path: Assets/Prefab/iceeeeeeeeeeee/Tunel corto 3/Tunel corto 3 _rgb.jpg
  artifactKey: Guid(ed910ce380fd3654386fe183d749762e) Importer(815301076,1909f56bfc062723c751e8b465ee728b)
Start importing Assets/Prefab/iceeeeeeeeeeee/Tunel corto 3/Tunel corto 3 _rgb.jpg using Guid(ed910ce380fd3654386fe183d749762e) Importer(815301076,1909f56bfc062723c751e8b465ee728b)  -> (artifact id: '19749db737d6d411f38165f39ec613d0') in 0.019895 seconds
Number of updated asset objects reloaded before import = 0
Number of asset objects unloaded after import = 1
========================================================================
Received Import Request.
  Time since last request: 0.000017 seconds.
  path: Assets/Prefab/iceeeeeeeeeeee/Tunel corto 3/Tunel corto 3 roughness.jpg
  artifactKey: Guid(e671697ef0caa0644844839be1038378) Importer(815301076,1909f56bfc062723c751e8b465ee728b)
Start importing Assets/Prefab/iceeeeeeeeeeee/Tunel corto 3/Tunel corto 3 roughness.jpg using Guid(e671697ef0caa0644844839be1038378) Importer(815301076,1909f56bfc062723c751e8b465ee728b)  -> (artifact id: '88f49e28aaa2fec777c32bf7fa25dda4') in 0.003218 seconds
Number of updated asset objects reloaded before import = 0
Number of asset objects unloaded after import = 1
========================================================================
Received Import Request.
  Time since last request: 44.971949 seconds.
  path: Assets/Prefab/iceeeeeeeeeeee/Tunel Giro 3/Tunel Giro 3 metallic.jpg
  artifactKey: Guid(cc6de69d60e97cf4c978baf9de587333) Importer(815301076,1909f56bfc062723c751e8b465ee728b)
Start importing Assets/Prefab/iceeeeeeeeeeee/Tunel Giro 3/Tunel Giro 3 metallic.jpg using Guid(cc6de69d60e97cf4c978baf9de587333) Importer(815301076,1909f56bfc062723c751e8b465ee728b)  -> (artifact id: 'b3ca2b5eca8a3b806ef58579b1bc8b10') in 0.002311 seconds
Number of updated asset objects reloaded before import = 0
Number of asset objects unloaded after import = 1
========================================================================
Received Import Request.
  Time since last request: 0.000016 seconds.
  path: Assets/Prefab/iceeeeeeeeeeee/Tunel Giro 3/Tunel Giro 3 rgb.jpg
  artifactKey: Guid(f9fd7da624faf4e46889d35a458c5d31) Importer(815301076,1909f56bfc062723c751e8b465ee728b)
Start importing Assets/Prefab/iceeeeeeeeeeee/Tunel Giro 3/Tunel Giro 3 rgb.jpg using Guid(f9fd7da624faf4e46889d35a458c5d31) Importer(815301076,1909f56bfc062723c751e8b465ee728b)  -> (artifact id: '696b779d7e2fbf912bbd8f509e66ae19') in 0.003041 seconds
Number of updated asset objects reloaded before import = 0
Number of asset objects unloaded after import = 1
========================================================================
Received Import Request.
  Time since last request: 37.982400 seconds.
  path: Assets/Prefab/iceeeeeeeeeeee/Tunel largo 3/Tunel largo 3 metallic.jpg
  artifactKey: Guid(7ecf438a707d75c4aae19b2eb43b459c) Importer(815301076,1909f56bfc062723c751e8b465ee728b)
Start importing Assets/Prefab/iceeeeeeeeeeee/Tunel largo 3/Tunel largo 3 metallic.jpg using Guid(7ecf438a707d75c4aae19b2eb43b459c) Importer(815301076,1909f56bfc062723c751e8b465ee728b)  -> (artifact id: '7551274207839983ebf216859a9db094') in 0.002690 seconds
Number of updated asset objects reloaded before import = 0
Number of asset objects unloaded after import = 1
========================================================================
Received Import Request.
  Time since last request: 1.373186 seconds.
  path: Assets/Prefab/iceeeeeeeeeeee/Tunel corto 1/Tunel corto 1 metallic.jpg
  artifactKey: Guid(956af3459dc8773429bd519ce16c0ad4) Importer(815301076,1909f56bfc062723c751e8b465ee728b)
Start importing Assets/Prefab/iceeeeeeeeeeee/Tunel corto 1/Tunel corto 1 metallic.jpg using Guid(956af3459dc8773429bd519ce16c0ad4) Importer(815301076,1909f56bfc062723c751e8b465ee728b)  -> (artifact id: 'e48ce67f30f7cb31e985f5b0460a205d') in 0.002570 seconds
Number of updated asset objects reloaded before import = 0
Number of asset objects unloaded after import = 1
========================================================================
Received Import Request.
  Time since last request: 0.000016 seconds.
  path: Assets/Prefab/iceeeeeeeeeeee/Tunel corto 1/Tunel corto 1 roughness.jpg
  artifactKey: Guid(e65291bec13844546a112c832b178289) Importer(815301076,1909f56bfc062723c751e8b465ee728b)
Start importing Assets/Prefab/iceeeeeeeeeeee/Tunel corto 1/Tunel corto 1 roughness.jpg using Guid(e65291bec13844546a112c832b178289) Importer(815301076,1909f56bfc062723c751e8b465ee728b)  -> (artifact id: '50aca204c4ac83c0593fbc9b2022ad6c') in 0.002694 seconds
Number of updated asset objects reloaded before import = 0
Number of asset objects unloaded after import = 1
========================================================================
Received Import Request.
  Time since last request: 14.945081 seconds.
  path: Assets/Prefab/iceeeeeeeeeeee/Tunel Corto 2/Tunel Corto 2 _roughness.jpg
  artifactKey: Guid(d5115dc075364f64ea3280b3003400a0) Importer(815301076,1909f56bfc062723c751e8b465ee728b)
Start importing Assets/Prefab/iceeeeeeeeeeee/Tunel Corto 2/Tunel Corto 2 _roughness.jpg using Guid(d5115dc075364f64ea3280b3003400a0) Importer(815301076,1909f56bfc062723c751e8b465ee728b)  -> (artifact id: 'a0fd1a80f609f7ad4a3def28599770ba') in 0.002696 seconds
Number of updated asset objects reloaded before import = 0
Number of asset objects unloaded after import = 1
========================================================================
Received Import Request.
  Time since last request: 0.000022 seconds.
  path: Assets/Prefab/iceeeeeeeeeeee/Tunel Corto 2/Tunel Corto 2 normals.jpg
  artifactKey: Guid(959c4a97a4bc7db4e85bd5fde0717027) Importer(815301076,1909f56bfc062723c751e8b465ee728b)
Start importing Assets/Prefab/iceeeeeeeeeeee/Tunel Corto 2/Tunel Corto 2 normals.jpg using Guid(959c4a97a4bc7db4e85bd5fde0717027) Importer(815301076,1909f56bfc062723c751e8b465ee728b)  -> (artifact id: '9419c851ffeca14edd73950d6894c126') in 0.001596 seconds
Number of updated asset objects reloaded before import = 0
Number of asset objects unloaded after import = 1
========================================================================
Received Import Request.
  Time since last request: 11.179746 seconds.
  path: Assets/Prefab/iceeeeeeeeeeee/Tunel corto 4/Tunel corto 4 _roughness.jpg
  artifactKey: Guid(8fa84a7e51b20cd4c87d6814f7ed0509) Importer(815301076,1909f56bfc062723c751e8b465ee728b)
Start importing Assets/Prefab/iceeeeeeeeeeee/Tunel corto 4/Tunel corto 4 _roughness.jpg using Guid(8fa84a7e51b20cd4c87d6814f7ed0509) Importer(815301076,1909f56bfc062723c751e8b465ee728b)  -> (artifact id: 'b43a6635ac9419ad74986f1de4d5882b') in 0.002414 seconds
Number of updated asset objects reloaded before import = 0
Number of asset objects unloaded after import = 1
========================================================================
Received Import Request.
  Time since last request: 4.528611 seconds.
  path: Assets/Prefab/iceeeeeeeeeeee/Tunel Giro 1/Tunel Giro 1 metallic.jpg
  artifactKey: Guid(3920ac7bac80e0b45bc4d71694314977) Importer(815301076,1909f56bfc062723c751e8b465ee728b)
Start importing Assets/Prefab/iceeeeeeeeeeee/Tunel Giro 1/Tunel Giro 1 metallic.jpg using Guid(3920ac7bac80e0b45bc4d71694314977) Importer(815301076,1909f56bfc062723c751e8b465ee728b)  -> (artifact id: 'adf9e2948c1ffa27c99dd01f80cea64e') in 0.002235 seconds
Number of updated asset objects reloaded before import = 0
Number of asset objects unloaded after import = 1
========================================================================
Received Import Request.
  Time since last request: 16.081864 seconds.
  path: Assets/Prefab/iceeeeeeeeeeee/Tunel Grio 2/Tunel Grio 2 metallic.jpg
  artifactKey: Guid(af17599e218724b42a752e6868838a8d) Importer(815301076,1909f56bfc062723c751e8b465ee728b)
Start importing Assets/Prefab/iceeeeeeeeeeee/Tunel Grio 2/Tunel Grio 2 metallic.jpg using Guid(af17599e218724b42a752e6868838a8d) Importer(815301076,1909f56bfc062723c751e8b465ee728b)  -> (artifact id: '68346bd770d7074c64e9e847091262dd') in 0.002623 seconds
Number of updated asset objects reloaded before import = 0
Number of asset objects unloaded after import = 1
========================================================================
Received Import Request.
  Time since last request: 3.598290 seconds.
  path: Assets/Prefab/iceeeeeeeeeeee/Tunel Largo 1/Tunel Largo 1 metallic.jpg
  artifactKey: Guid(5322aa7853ee92145aeec459d0e9e847) Importer(815301076,1909f56bfc062723c751e8b465ee728b)
Start importing Assets/Prefab/iceeeeeeeeeeee/Tunel Largo 1/Tunel Largo 1 metallic.jpg using Guid(5322aa7853ee92145aeec459d0e9e847) Importer(815301076,1909f56bfc062723c751e8b465ee728b)  -> (artifact id: 'f882ff2f5670ecababe9696a7b75848d') in 0.002773 seconds
Number of updated asset objects reloaded before import = 0
Number of asset objects unloaded after import = 1
========================================================================
Received Import Request.
  Time since last request: 0.000017 seconds.
  path: Assets/Prefab/iceeeeeeeeeeee/Tunel Largo 1/Tunel Largo 1roughness.jpg
  artifactKey: Guid(a4968efd0ca5a394c95abb2a952d8f0a) Importer(815301076,1909f56bfc062723c751e8b465ee728b)
Start importing Assets/Prefab/iceeeeeeeeeeee/Tunel Largo 1/Tunel Largo 1roughness.jpg using Guid(a4968efd0ca5a394c95abb2a952d8f0a) Importer(815301076,1909f56bfc062723c751e8b465ee728b)  -> (artifact id: '6310343e2d55be16aa06d35db6eb8fd3') in 0.002286 seconds
Number of updated asset objects reloaded before import = 0
Number of asset objects unloaded after import = 1
========================================================================
Received Import Request.
  Time since last request: 7.106683 seconds.
  path: Assets/Prefab/iceeeeeeeeeeee/Tunel Largo 2/Tunel Largo 2 roughness.jpg
  artifactKey: Guid(e5808001b9b0d88499803afdbc06d6b4) Importer(815301076,1909f56bfc062723c751e8b465ee728b)
Start importing Assets/Prefab/iceeeeeeeeeeee/Tunel Largo 2/Tunel Largo 2 roughness.jpg using Guid(e5808001b9b0d88499803afdbc06d6b4) Importer(815301076,1909f56bfc062723c751e8b465ee728b)  -> (artifact id: 'ab349eb7002973e8f868167a5e396185') in 0.002481 seconds
Number of updated asset objects reloaded before import = 0
Number of asset objects unloaded after import = 1
========================================================================
Received Import Request.
  Time since last request: 0.000015 seconds.
  path: Assets/Prefab/iceeeeeeeeeeee/Tunel Largo 2/Tunel Largo 2rgb.jpg
  artifactKey: Guid(31cec7e079d6b434890d38aa088c3c91) Importer(815301076,1909f56bfc062723c751e8b465ee728b)
Start importing Assets/Prefab/iceeeeeeeeeeee/Tunel Largo 2/Tunel Largo 2rgb.jpg using Guid(31cec7e079d6b434890d38aa088c3c91) Importer(815301076,1909f56bfc062723c751e8b465ee728b)  -> (artifact id: '8a76bd1364c01e31805c1f9485d530e4') in 0.005261 seconds
Number of updated asset objects reloaded before import = 0
Number of asset objects unloaded after import = 1
========================================================================
Received Import Request.
  Time since last request: 491.696106 seconds.
  path: Assets/Prefab/ICE/Tunel corto 1.prefab
  artifactKey: Guid(5728204be974fb040ab5295e82a363a6) Importer(815301076,1909f56bfc062723c751e8b465ee728b)
Start importing Assets/Prefab/ICE/Tunel corto 1.prefab using Guid(5728204be974fb040ab5295e82a363a6) Importer(815301076,1909f56bfc062723c751e8b465ee728b)  -> (artifact id: '7176d24b93b132b84cb0bd15c1b8fc28') in 0.002566 seconds
Number of updated asset objects reloaded before import = 0
Number of asset objects unloaded after import = 6
========================================================================
Received Import Request.
  Time since last request: 0.000019 seconds.
  path: Assets/Prefab/ICE/Tunel Giro 3.prefab
  artifactKey: Guid(58d016b0f21edb348bf2f74def218630) Importer(815301076,1909f56bfc062723c751e8b465ee728b)
Start importing Assets/Prefab/ICE/Tunel Giro 3.prefab using Guid(58d016b0f21edb348bf2f74def218630) Importer(815301076,1909f56bfc062723c751e8b465ee728b)  -> (artifact id: 'a33daee031b69b86fd6c5767bada56aa') in 0.001707 seconds
Number of updated asset objects reloaded before import = 0
Number of asset objects unloaded after import = 6
========================================================================
Received Import Request.
  Time since last request: 0.000015 seconds.
  path: Assets/Prefab/ICE/Tunel Grio 2.prefab
  artifactKey: Guid(e9e124e616a861b439e6ffb9510eb9ba) Importer(815301076,1909f56bfc062723c751e8b465ee728b)
Start importing Assets/Prefab/ICE/Tunel Grio 2.prefab using Guid(e9e124e616a861b439e6ffb9510eb9ba) Importer(815301076,1909f56bfc062723c751e8b465ee728b)  -> (artifact id: 'a1b92333d934614a61eafae4190cb568') in 0.001880 seconds
Number of updated asset objects reloaded before import = 0
Number of asset objects unloaded after import = 6
========================================================================
Received Import Request.
  Time since last request: 0.000017 seconds.
  path: Assets/Prefab/ICE/Tunel Largo 1.prefab
  artifactKey: Guid(29ab8de9ee1ef43479df578d4dd5776a) Importer(815301076,1909f56bfc062723c751e8b465ee728b)
Start importing Assets/Prefab/ICE/Tunel Largo 1.prefab using Guid(29ab8de9ee1ef43479df578d4dd5776a) Importer(815301076,1909f56bfc062723c751e8b465ee728b)  -> (artifact id: '449d0fdf2c23ddc8cb0d6ffd4ce87327') in 0.001935 seconds
Number of updated asset objects reloaded before import = 0
Number of asset objects unloaded after import = 6
========================================================================
Received Import Request.
  Time since last request: 0.000016 seconds.
  path: Assets/Prefab/ICE/Tunel corto 3.prefab
  artifactKey: Guid(3d435b227cebd60449fd8786df6d02cb) Importer(815301076,1909f56bfc062723c751e8b465ee728b)
Start importing Assets/Prefab/ICE/Tunel corto 3.prefab using Guid(3d435b227cebd60449fd8786df6d02cb) Importer(815301076,1909f56bfc062723c751e8b465ee728b)  -> (artifact id: 'b947f3aa289a4b5235f826a295217318') in 0.001867 seconds
Number of updated asset objects reloaded before import = 0
Number of asset objects unloaded after import = 6
