Using pre-set license
Built from '2022.3/release' branch; Version is '2022.3.5f1 (9674261d40ee) revision 9860134'; Using compiler version '192829333'; Build Type 'Release'
OS: 'Windows 10  (10.0.19045) 64bit Professional' Language: 'es' Physical Memory: 32541 MB
BatchMode: 1, IsHumanControllingUs: 0, StartBugReporterOnCrash: 0, Is64bit: 1, IsPro: 1

COMMAND LINE ARGUMENTS:
C:\Program Files\Unity 2022.3.5f1\Editor\Unity.exe
-adb2
-batchMode
-noUpm
-name
AssetImportWorker7
-projectPath
E:/GitHub/TESIS/Tesis Enchanted Skylands
-logFile
Logs/AssetImportWorker7.log
-srvPort
50190
Successfully changed project path to: E:/GitHub/TESIS/Tesis Enchanted Skylands
E:/GitHub/TESIS/Tesis Enchanted Skylands
[UnityMemory] Configuration Parameters - Can be set up in boot.config
    "memorysetup-bucket-allocator-granularity=16"
    "memorysetup-bucket-allocator-bucket-count=8"
    "memorysetup-bucket-allocator-block-size=33554432"
    "memorysetup-bucket-allocator-block-count=8"
    "memorysetup-main-allocator-block-size=16777216"
    "memorysetup-thread-allocator-block-size=16777216"
    "memorysetup-gfx-main-allocator-block-size=16777216"
    "memorysetup-gfx-thread-allocator-block-size=16777216"
    "memorysetup-cache-allocator-block-size=4194304"
    "memorysetup-typetree-allocator-block-size=2097152"
    "memorysetup-profiler-bucket-allocator-granularity=16"
    "memorysetup-profiler-bucket-allocator-bucket-count=8"
    "memorysetup-profiler-bucket-allocator-block-size=33554432"
    "memorysetup-profiler-bucket-allocator-block-count=8"
    "memorysetup-profiler-allocator-block-size=16777216"
    "memorysetup-profiler-editor-allocator-block-size=1048576"
    "memorysetup-temp-allocator-size-main=16777216"
    "memorysetup-job-temp-allocator-block-size=2097152"
    "memorysetup-job-temp-allocator-block-size-background=1048576"
    "memorysetup-job-temp-allocator-reduction-small-platforms=262144"
    "memorysetup-allocator-temp-initial-block-size-main=262144"
    "memorysetup-allocator-temp-initial-block-size-worker=262144"
    "memorysetup-temp-allocator-size-background-worker=32768"
    "memorysetup-temp-allocator-size-job-worker=262144"
    "memorysetup-temp-allocator-size-preload-manager=33554432"
    "memorysetup-temp-allocator-size-nav-mesh-worker=65536"
    "memorysetup-temp-allocator-size-audio-worker=65536"
    "memorysetup-temp-allocator-size-cloud-worker=32768"
    "memorysetup-temp-allocator-size-gi-baking-worker=262144"
    "memorysetup-temp-allocator-size-gfx=262144"
Player connection [23168] Host "[IP] 192.168.0.102 [Port] 0 [Flags] 2 [Guid] 173071310 [EditorId] 173071310 [Version] 1048832 [Id] WindowsEditor(7,DESKTOP-IOH5AP5) [Debug] 1 [PackageName] WindowsEditor [ProjectName] Editor" joined multi-casting on [225.0.0.222:54997]...

Player connection [23168] Host "[IP] 192.168.0.102 [Port] 0 [Flags] 2 [Guid] 173071310 [EditorId] 173071310 [Version] 1048832 [Id] WindowsEditor(7,DESKTOP-IOH5AP5) [Debug] 1 [PackageName] WindowsEditor [ProjectName] Editor" joined alternative multi-casting on [225.0.0.222:34997]...

Refreshing native plugins compatible for Editor in 7.60 ms, found 3 plugins.
Preloading 0 native plugins for Editor in 0.00 ms.
Initialize engine version: 2022.3.5f1 (9674261d40ee)
[Subsystems] Discovering subsystems at path C:/Program Files/Unity 2022.3.5f1/Editor/Data/Resources/UnitySubsystems
[Subsystems] Discovering subsystems at path E:/GitHub/TESIS/Tesis Enchanted Skylands/Assets
GfxDevice: creating device client; threaded=0; jobified=0
Direct3D:
    Version:  Direct3D 11.0 [level 11.1]
    Renderer: NVIDIA GeForce GTX 1060 6GB (ID=0x1b83)
    Vendor:   NVIDIA
    VRAM:     6043 MB
    Driver:   31.0.15.3699
Initialize mono
Mono path[0] = 'C:/Program Files/Unity 2022.3.5f1/Editor/Data/Managed'
Mono path[1] = 'C:/Program Files/Unity 2022.3.5f1/Editor/Data/MonoBleedingEdge/lib/mono/unityjit-win32'
Mono config path = 'C:/Program Files/Unity 2022.3.5f1/Editor/Data/MonoBleedingEdge/etc'
Using monoOptions --debugger-agent=transport=dt_socket,embedding=1,server=y,suspend=n,address=127.0.0.1:56632
Begin MonoManager ReloadAssembly
Registering precompiled unity dll's ...
Register platform support module: C:/Program Files/Unity 2022.3.5f1/Editor/Data/PlaybackEngines/WindowsStandaloneSupport/UnityEditor.WindowsStandalone.Extensions.dll
Registered in 0.011652 seconds.
- Loaded All Assemblies, in  0.364 seconds
Native extension for WindowsStandalone target not found
Mono: successfully reloaded assembly
- Finished resetting the current domain, in  0.278 seconds
Domain Reload Profiling: 639ms
	BeginReloadAssembly (95ms)
		ExecutionOrderSort (0ms)
		DisableScriptedObjects (0ms)
		BackupInstance (0ms)
		ReleaseScriptingObjects (0ms)
		CreateAndSetChildDomain (1ms)
	RebuildCommonClasses (36ms)
	RebuildNativeTypeToScriptingClass (12ms)
	initialDomainReloadingComplete (73ms)
	LoadAllAssembliesAndSetupDomain (145ms)
		LoadAssemblies (91ms)
		RebuildTransferFunctionScriptingTraits (0ms)
		AnalyzeDomain (137ms)
			TypeCache.Refresh (136ms)
				TypeCache.ScanAssembly (124ms)
			ScanForSourceGeneratedMonoScriptInfo (0ms)
			ResolveRequiredComponents (0ms)
	FinalizeReload (278ms)
		ReleaseScriptCaches (0ms)
		RebuildScriptCaches (0ms)
		SetupLoadedEditorAssemblies (217ms)
			LogAssemblyErrors (0ms)
			InitializePlatformSupportModulesInManaged (10ms)
			SetLoadedEditorAssemblies (8ms)
			RefreshPlugins (0ms)
			BeforeProcessingInitializeOnLoad (2ms)
			ProcessInitializeOnLoadAttributes (147ms)
			ProcessInitializeOnLoadMethodAttributes (50ms)
			AfterProcessingInitializeOnLoad (0ms)
			EditorAssembliesLoaded (0ms)
		ExecutionOrderSort2 (0ms)
		AwakeInstancesAfterBackupRestoration (0ms)
========================================================================
Worker process is ready to serve import requests
Begin MonoManager ReloadAssembly
Symbol file LoadedFromMemory doesn't match image E:\GitHub\TESIS\Tesis Enchanted Skylands\Library\PackageCache\com.unity.visualscripting@1.8.0\Editor\VisualScripting.Core\Dependencies\YamlDotNet\Unity.VisualScripting.YamlDotNet.dll
Symbol file LoadedFromMemory doesn't match image E:\GitHub\TESIS\Tesis Enchanted Skylands\Library\PackageCache\com.unity.visualscripting@1.8.0\Editor\VisualScripting.Core\Dependencies\DotNetZip\Unity.VisualScripting.IonicZip.dll
- Loaded All Assemblies, in  0.794 seconds
Refreshing native plugins compatible for Editor in 2.87 ms, found 3 plugins.
Native extension for WindowsStandalone target not found
Package Manager log level set to [2]
[Package Manager] Server::EnsureServerProcessIsRunning -- launch failed, reason: Unity was launched with the -noUpm command-line argument
[Package Manager] UpmClient::Send -- Unable to send message (not connected to UPM process).
[Package Manager] Cannot connect to Unity Package Manager local server
[Package Manager] Server::EnsureServerProcessIsRunning -- launch failed, reason: Unity was launched with the -noUpm command-line argument
[Package Manager] UpmClient::Send -- Unable to send message (not connected to UPM process).
[Package Manager] Cannot connect to Unity Package Manager local server
Mono: successfully reloaded assembly
- Finished resetting the current domain, in  0.838 seconds
Domain Reload Profiling: 1629ms
	BeginReloadAssembly (120ms)
		ExecutionOrderSort (0ms)
		DisableScriptedObjects (6ms)
		BackupInstance (0ms)
		ReleaseScriptingObjects (0ms)
		CreateAndSetChildDomain (17ms)
	RebuildCommonClasses (36ms)
	RebuildNativeTypeToScriptingClass (12ms)
	initialDomainReloadingComplete (51ms)
	LoadAllAssembliesAndSetupDomain (571ms)
		LoadAssemblies (262ms)
		RebuildTransferFunctionScriptingTraits (0ms)
		AnalyzeDomain (361ms)
			TypeCache.Refresh (315ms)
				TypeCache.ScanAssembly (303ms)
			ScanForSourceGeneratedMonoScriptInfo (25ms)
			ResolveRequiredComponents (21ms)
	FinalizeReload (839ms)
		ReleaseScriptCaches (0ms)
		RebuildScriptCaches (0ms)
		SetupLoadedEditorAssemblies (599ms)
			LogAssemblyErrors (0ms)
			InitializePlatformSupportModulesInManaged (7ms)
			SetLoadedEditorAssemblies (3ms)
			RefreshPlugins (0ms)
			BeforeProcessingInitializeOnLoad (79ms)
			ProcessInitializeOnLoadAttributes (425ms)
			ProcessInitializeOnLoadMethodAttributes (73ms)
			AfterProcessingInitializeOnLoad (12ms)
			EditorAssembliesLoaded (0ms)
		ExecutionOrderSort2 (0ms)
		AwakeInstancesAfterBackupRestoration (7ms)
Launched and connected shader compiler UnityShaderCompiler.exe after 0.04 seconds
Refreshing native plugins compatible for Editor in 3.00 ms, found 3 plugins.
Preloading 0 native plugins for Editor in 0.00 ms.
Unloading 6218 Unused Serialized files (Serialized files now loaded: 0)
Unloading 84 unused Assets / (433.6 KB). Loaded Objects now: 6705.
Memory consumption went from 386.2 MB to 385.7 MB.
Total: 4.055200 ms (FindLiveObjects: 0.705800 ms CreateObjectMapping: 0.225400 ms MarkObjects: 2.864700 ms  DeleteObjects: 0.258200 ms)

AssetImportParameters requested are different than current active one (requested -> active):
  custom:container-demuxer-ogg: 62fdf1f143b41e24485cea50d1cbac27 -> 
  custom:video-decoder-ogg-theora: a1e56fd34408186e4bbccfd4996cb3dc -> 
  custom:framework-win-MediaFoundation: 216162199b28c13a410421893ffa2e32 -> 
  custom:CustomObjectIndexerAttribute: a3ef5dd2817f97addfee359851a9dba5 -> 
  custom:container-demuxer-webm: 4f35f7cbe854078d1ac9338744f61a02 -> 
  custom:container-muxer-webm: aa71ff27fc2769a1b78a27578f13a17b -> 
  custom:video-decoder-webm-vp8: 9c59270c3fd7afecdb556c50c9e8de78 -> 
  custom:AudioImporter_EditorPlatform: d09bf68614088b80899f8185d706f6e7 -> 
  custom:video-encoder-webm-vp8: eb34c28f22e8b96e1ab97ce403110664 -> 
  custom:audio-decoder-ogg-vorbis: bf7c407c2cedff20999df2af8eb42d56 -> 
  custom:audio-encoder-webm-vorbis: bf7c407c2cedff20999df2af8eb42d56 -> 
========================================================================
Received Import Request.
  Time since last request: 1055843.152303 seconds.
  path: Assets/Prefab/iceeeeeeeeeeee/Tunel Giro 3/Tunel Giro 3 normals.jpg
  artifactKey: Guid(dea340aa2ad359c408290a8b1036355a) Importer(815301076,1909f56bfc062723c751e8b465ee728b)
Start importing Assets/Prefab/iceeeeeeeeeeee/Tunel Giro 3/Tunel Giro 3 normals.jpg using Guid(dea340aa2ad359c408290a8b1036355a) Importer(815301076,1909f56bfc062723c751e8b465ee728b)  -> (artifact id: 'bebc1fe12e0838278078e32a9e54d67b') in 0.019646 seconds
Number of updated asset objects reloaded before import = 0
Number of asset objects unloaded after import = 1
========================================================================
Received Import Request.
  Time since last request: 37.984625 seconds.
  path: Assets/Prefab/iceeeeeeeeeeee/Tunel largo 3/Tunel largo 3 normals.jpg
  artifactKey: Guid(a198c606fa571a24a9c540741a2e41d9) Importer(815301076,1909f56bfc062723c751e8b465ee728b)
Start importing Assets/Prefab/iceeeeeeeeeeee/Tunel largo 3/Tunel largo 3 normals.jpg using Guid(a198c606fa571a24a9c540741a2e41d9) Importer(815301076,1909f56bfc062723c751e8b465ee728b)  -> (artifact id: '9d3fb9b22ea99b1617f5eace925019e5') in 0.001979 seconds
Number of updated asset objects reloaded before import = 0
Number of asset objects unloaded after import = 1
========================================================================
Received Import Request.
  Time since last request: 0.000015 seconds.
  path: Assets/Prefab/iceeeeeeeeeeee/Tunel largo 3/Tunel largo 3 rgb.jpg
  artifactKey: Guid(597c903a5dbe6f44abf9c3c5ef98b066) Importer(815301076,1909f56bfc062723c751e8b465ee728b)
Start importing Assets/Prefab/iceeeeeeeeeeee/Tunel largo 3/Tunel largo 3 rgb.jpg using Guid(597c903a5dbe6f44abf9c3c5ef98b066) Importer(815301076,1909f56bfc062723c751e8b465ee728b)  -> (artifact id: 'f92f5105c371acdec4de3492e76ec724') in 0.004165 seconds
Number of updated asset objects reloaded before import = 0
Number of asset objects unloaded after import = 1
========================================================================
Received Import Request.
  Time since last request: 1.354132 seconds.
  path: Assets/Prefab/iceeeeeeeeeeee/Tunel corto 1/Tunel corto 1 normals.jpg
  artifactKey: Guid(f62b5f869dff01b43924169162c3131b) Importer(815301076,1909f56bfc062723c751e8b465ee728b)
Start importing Assets/Prefab/iceeeeeeeeeeee/Tunel corto 1/Tunel corto 1 normals.jpg using Guid(f62b5f869dff01b43924169162c3131b) Importer(815301076,1909f56bfc062723c751e8b465ee728b)  -> (artifact id: 'a10714b87a34b03b5c0925f0919e825d') in 0.001724 seconds
Number of updated asset objects reloaded before import = 0
Number of asset objects unloaded after import = 1
========================================================================
Received Import Request.
  Time since last request: 0.000017 seconds.
  path: Assets/Prefab/iceeeeeeeeeeee/Tunel corto 1/Tunel corto 1 rgb.jpg
  artifactKey: Guid(adda0d0d608e5174c9098093c5ed9415) Importer(815301076,1909f56bfc062723c751e8b465ee728b)
Start importing Assets/Prefab/iceeeeeeeeeeee/Tunel corto 1/Tunel corto 1 rgb.jpg using Guid(adda0d0d608e5174c9098093c5ed9415) Importer(815301076,1909f56bfc062723c751e8b465ee728b)  -> (artifact id: '5f4ebb4237f188a47d9c8b118b4f794f') in 0.002793 seconds
Number of updated asset objects reloaded before import = 0
Number of asset objects unloaded after import = 1
========================================================================
Received Import Request.
  Time since last request: 14.945173 seconds.
  path: Assets/Prefab/iceeeeeeeeeeee/Tunel Corto 2/Tunel Corto 2 metallic.jpg
  artifactKey: Guid(f1b1f1821217ead45ada769184dffc92) Importer(815301076,1909f56bfc062723c751e8b465ee728b)
Start importing Assets/Prefab/iceeeeeeeeeeee/Tunel Corto 2/Tunel Corto 2 metallic.jpg using Guid(f1b1f1821217ead45ada769184dffc92) Importer(815301076,1909f56bfc062723c751e8b465ee728b)  -> (artifact id: '1ed070cc0e6871200a67049c0aed0641') in 0.003956 seconds
Number of updated asset objects reloaded before import = 0
Number of asset objects unloaded after import = 1
========================================================================
Received Import Request.
  Time since last request: 11.196273 seconds.
  path: Assets/Prefab/iceeeeeeeeeeee/Tunel corto 4/Tunel corto 4 metallic.jpg
  artifactKey: Guid(adf88dd8a3a209044aa7e3ccff389bde) Importer(815301076,1909f56bfc062723c751e8b465ee728b)
Start importing Assets/Prefab/iceeeeeeeeeeee/Tunel corto 4/Tunel corto 4 metallic.jpg using Guid(adf88dd8a3a209044aa7e3ccff389bde) Importer(815301076,1909f56bfc062723c751e8b465ee728b)  -> (artifact id: '363f2b06b703c44625e97ca5e82cfc7b') in 0.002492 seconds
Number of updated asset objects reloaded before import = 0
Number of asset objects unloaded after import = 1
========================================================================
Received Import Request.
  Time since last request: 0.000017 seconds.
  path: Assets/Prefab/iceeeeeeeeeeee/Tunel corto 4/Tunel corto 4 normals.jpg
  artifactKey: Guid(d6727e069f4b49843957c829dff9c900) Importer(815301076,1909f56bfc062723c751e8b465ee728b)
Start importing Assets/Prefab/iceeeeeeeeeeee/Tunel corto 4/Tunel corto 4 normals.jpg using Guid(d6727e069f4b49843957c829dff9c900) Importer(815301076,1909f56bfc062723c751e8b465ee728b)  -> (artifact id: '7b8acdeaaa08d9880e04a1cc51761ef1') in 0.001591 seconds
Number of updated asset objects reloaded before import = 0
Number of asset objects unloaded after import = 1
========================================================================
Received Import Request.
  Time since last request: 4.511840 seconds.
  path: Assets/Prefab/iceeeeeeeeeeee/Tunel Giro 1/Tunel Giro 1 normals.jpg
  artifactKey: Guid(c2b2f82f91071014bb7d655bac1a5958) Importer(815301076,1909f56bfc062723c751e8b465ee728b)
Start importing Assets/Prefab/iceeeeeeeeeeee/Tunel Giro 1/Tunel Giro 1 normals.jpg using Guid(c2b2f82f91071014bb7d655bac1a5958) Importer(815301076,1909f56bfc062723c751e8b465ee728b)  -> (artifact id: 'c6e9896955e12a4acb76a76adde6f693') in 0.001532 seconds
Number of updated asset objects reloaded before import = 0
Number of asset objects unloaded after import = 1
========================================================================
Received Import Request.
  Time since last request: 0.000016 seconds.
  path: Assets/Prefab/iceeeeeeeeeeee/Tunel Giro 1/Tunel Giro 1 rgb.jpg
  artifactKey: Guid(1f868e2e1fe26c14b9a753cd1fef2494) Importer(815301076,1909f56bfc062723c751e8b465ee728b)
Start importing Assets/Prefab/iceeeeeeeeeeee/Tunel Giro 1/Tunel Giro 1 rgb.jpg using Guid(1f868e2e1fe26c14b9a753cd1fef2494) Importer(815301076,1909f56bfc062723c751e8b465ee728b)  -> (artifact id: 'a19ab5828cc0d5eeecc80274a8af2a60') in 0.002250 seconds
Number of updated asset objects reloaded before import = 0
Number of asset objects unloaded after import = 1
========================================================================
Received Import Request.
  Time since last request: 16.064440 seconds.
  path: Assets/Prefab/iceeeeeeeeeeee/Tunel Grio 2/Tunel Grio 2 normals.jpg
  artifactKey: Guid(3eedcdc8f2326ae469c4e1515d1bf8fd) Importer(815301076,1909f56bfc062723c751e8b465ee728b)
Start importing Assets/Prefab/iceeeeeeeeeeee/Tunel Grio 2/Tunel Grio 2 normals.jpg using Guid(3eedcdc8f2326ae469c4e1515d1bf8fd) Importer(815301076,1909f56bfc062723c751e8b465ee728b)  -> (artifact id: 'dee83b06b2acd81b7932ed8cebc40b0c') in 0.001556 seconds
Number of updated asset objects reloaded before import = 0
Number of asset objects unloaded after import = 1
========================================================================
Received Import Request.
  Time since last request: 0.000022 seconds.
  path: Assets/Prefab/iceeeeeeeeeeee/Tunel Grio 2/Tunel Grio 2 roughness.jpg
  artifactKey: Guid(7f2f0e37c96f5d949bc08deb096117d0) Importer(815301076,1909f56bfc062723c751e8b465ee728b)
Start importing Assets/Prefab/iceeeeeeeeeeee/Tunel Grio 2/Tunel Grio 2 roughness.jpg using Guid(7f2f0e37c96f5d949bc08deb096117d0) Importer(815301076,1909f56bfc062723c751e8b465ee728b)  -> (artifact id: '1933a3ca32982aeafe785e708893c7cb') in 0.002102 seconds
Number of updated asset objects reloaded before import = 0
Number of asset objects unloaded after import = 1
========================================================================
Received Import Request.
  Time since last request: 3.582183 seconds.
  path: Assets/Prefab/iceeeeeeeeeeee/Tunel Largo 1/Tunel Largo 1 normals.jpg
  artifactKey: Guid(e1a8efc4f922e484ba27dc2127e90fb6) Importer(815301076,1909f56bfc062723c751e8b465ee728b)
Start importing Assets/Prefab/iceeeeeeeeeeee/Tunel Largo 1/Tunel Largo 1 normals.jpg using Guid(e1a8efc4f922e484ba27dc2127e90fb6) Importer(815301076,1909f56bfc062723c751e8b465ee728b)  -> (artifact id: '0a22a2a4725670d2ae4a8a6b2824cfd4') in 0.001788 seconds
Number of updated asset objects reloaded before import = 0
Number of asset objects unloaded after import = 1
========================================================================
Received Import Request.
  Time since last request: 0.000024 seconds.
  path: Assets/Prefab/iceeeeeeeeeeee/Tunel Largo 1/Tunel Largo 1 rgb.jpg
  artifactKey: Guid(27cf02740c2646c4592f75dc6c8c8016) Importer(815301076,1909f56bfc062723c751e8b465ee728b)
Start importing Assets/Prefab/iceeeeeeeeeeee/Tunel Largo 1/Tunel Largo 1 rgb.jpg using Guid(27cf02740c2646c4592f75dc6c8c8016) Importer(815301076,1909f56bfc062723c751e8b465ee728b)  -> (artifact id: '5cfbf6f88826fc2c345bee8b60a4e0d2') in 0.002456 seconds
Number of updated asset objects reloaded before import = 0
Number of asset objects unloaded after import = 1
========================================================================
Received Import Request.
  Time since last request: 7.106673 seconds.
  path: Assets/Prefab/iceeeeeeeeeeee/Tunel Largo 2/Tunel Largo 2metallic.jpg
  artifactKey: Guid(0ed432cee45251043b1e6c036e16d1fa) Importer(815301076,1909f56bfc062723c751e8b465ee728b)
Start importing Assets/Prefab/iceeeeeeeeeeee/Tunel Largo 2/Tunel Largo 2metallic.jpg using Guid(0ed432cee45251043b1e6c036e16d1fa) Importer(815301076,1909f56bfc062723c751e8b465ee728b)  -> (artifact id: '6f7925e0db6e6902c7145dc3a35e90a9') in 0.002497 seconds
Number of updated asset objects reloaded before import = 0
Number of asset objects unloaded after import = 1
Editor requested this worker to shutdown with reason: Scaling down because of idle timeout
TcpMessagingSession - receive error: operation aborted. errorcode: 995, details: La operación de E/S se anuló por una salida de subproceso o por una solicitud de aplicación.
AssetImportWorker is now disconnected from the server
Process exiting
Exiting without the bug reporter. Application will terminate with return code 0