Using pre-set license
Built from '2022.3/release' branch; Version is '2022.3.5f1 (9674261d40ee) revision 9860134'; Using compiler version '192829333'; Build Type 'Release'
OS: 'Windows 10  (10.0.19045) 64bit Professional' Language: 'es' Physical Memory: 32541 MB
BatchMode: 1, IsHumanControllingUs: 0, StartBugReporterOnCrash: 0, Is64bit: 1, IsPro: 1

COMMAND LINE ARGUMENTS:
C:\Program Files\Unity 2022.3.5f1\Editor\Unity.exe
-adb2
-batchMode
-noUpm
-name
AssetImportWorker9
-projectPath
E:/GitHub/TESIS/Tesis Enchanted Skylands
-logFile
Logs/AssetImportWorker9.log
-srvPort
62217
Successfully changed project path to: E:/GitHub/TESIS/Tesis Enchanted Skylands
E:/GitHub/TESIS/Tesis Enchanted Skylands
[UnityMemory] Configuration Parameters - Can be set up in boot.config
    "memorysetup-bucket-allocator-granularity=16"
    "memorysetup-bucket-allocator-bucket-count=8"
    "memorysetup-bucket-allocator-block-size=33554432"
    "memorysetup-bucket-allocator-block-count=8"
    "memorysetup-main-allocator-block-size=16777216"
    "memorysetup-thread-allocator-block-size=16777216"
    "memorysetup-gfx-main-allocator-block-size=16777216"
    "memorysetup-gfx-thread-allocator-block-size=16777216"
    "memorysetup-cache-allocator-block-size=4194304"
    "memorysetup-typetree-allocator-block-size=2097152"
    "memorysetup-profiler-bucket-allocator-granularity=16"
    "memorysetup-profiler-bucket-allocator-bucket-count=8"
    "memorysetup-profiler-bucket-allocator-block-size=33554432"
    "memorysetup-profiler-bucket-allocator-block-count=8"
    "memorysetup-profiler-allocator-block-size=16777216"
    "memorysetup-profiler-editor-allocator-block-size=1048576"
    "memorysetup-temp-allocator-size-main=16777216"
    "memorysetup-job-temp-allocator-block-size=2097152"
    "memorysetup-job-temp-allocator-block-size-background=1048576"
    "memorysetup-job-temp-allocator-reduction-small-platforms=262144"
    "memorysetup-allocator-temp-initial-block-size-main=262144"
    "memorysetup-allocator-temp-initial-block-size-worker=262144"
    "memorysetup-temp-allocator-size-background-worker=32768"
    "memorysetup-temp-allocator-size-job-worker=262144"
    "memorysetup-temp-allocator-size-preload-manager=33554432"
    "memorysetup-temp-allocator-size-nav-mesh-worker=65536"
    "memorysetup-temp-allocator-size-audio-worker=65536"
    "memorysetup-temp-allocator-size-cloud-worker=32768"
    "memorysetup-temp-allocator-size-gi-baking-worker=262144"
    "memorysetup-temp-allocator-size-gfx=262144"
Player connection [27944] Host "[IP] 192.168.0.102 [Port] 0 [Flags] 2 [Guid] 1325923500 [EditorId] 1325923500 [Version] 1048832 [Id] WindowsEditor(7,DESKTOP-IOH5AP5) [Debug] 1 [PackageName] WindowsEditor [ProjectName] Editor" joined multi-casting on [225.0.0.222:54997]...

Player connection [27944] Host "[IP] 192.168.0.102 [Port] 0 [Flags] 2 [Guid] 1325923500 [EditorId] 1325923500 [Version] 1048832 [Id] WindowsEditor(7,DESKTOP-IOH5AP5) [Debug] 1 [PackageName] WindowsEditor [ProjectName] Editor" joined alternative multi-casting on [225.0.0.222:34997]...

Refreshing native plugins compatible for Editor in 9.66 ms, found 3 plugins.
Preloading 0 native plugins for Editor in 0.00 ms.
Initialize engine version: 2022.3.5f1 (9674261d40ee)
[Subsystems] Discovering subsystems at path C:/Program Files/Unity 2022.3.5f1/Editor/Data/Resources/UnitySubsystems
[Subsystems] Discovering subsystems at path E:/GitHub/TESIS/Tesis Enchanted Skylands/Assets
GfxDevice: creating device client; threaded=0; jobified=0
Direct3D:
    Version:  Direct3D 11.0 [level 11.1]
    Renderer: NVIDIA GeForce GTX 1060 6GB (ID=0x1b83)
    Vendor:   NVIDIA
    VRAM:     6043 MB
    Driver:   31.0.15.3699
Initialize mono
Mono path[0] = 'C:/Program Files/Unity 2022.3.5f1/Editor/Data/Managed'
Mono path[1] = 'C:/Program Files/Unity 2022.3.5f1/Editor/Data/MonoBleedingEdge/lib/mono/unityjit-win32'
Mono config path = 'C:/Program Files/Unity 2022.3.5f1/Editor/Data/MonoBleedingEdge/etc'
Using monoOptions --debugger-agent=transport=dt_socket,embedding=1,server=y,suspend=n,address=127.0.0.1:56148
Begin MonoManager ReloadAssembly
Registering precompiled unity dll's ...
Register platform support module: C:/Program Files/Unity 2022.3.5f1/Editor/Data/PlaybackEngines/WindowsStandaloneSupport/UnityEditor.WindowsStandalone.Extensions.dll
Registered in 0.010440 seconds.
- Loaded All Assemblies, in  0.391 seconds
Native extension for WindowsStandalone target not found
Mono: successfully reloaded assembly
- Finished resetting the current domain, in  0.291 seconds
Domain Reload Profiling: 679ms
	BeginReloadAssembly (106ms)
		ExecutionOrderSort (0ms)
		DisableScriptedObjects (0ms)
		BackupInstance (0ms)
		ReleaseScriptingObjects (0ms)
		CreateAndSetChildDomain (1ms)
	RebuildCommonClasses (39ms)
	RebuildNativeTypeToScriptingClass (14ms)
	initialDomainReloadingComplete (72ms)
	LoadAllAssembliesAndSetupDomain (156ms)
		LoadAssemblies (103ms)
		RebuildTransferFunctionScriptingTraits (0ms)
		AnalyzeDomain (148ms)
			TypeCache.Refresh (147ms)
				TypeCache.ScanAssembly (136ms)
			ScanForSourceGeneratedMonoScriptInfo (0ms)
			ResolveRequiredComponents (1ms)
	FinalizeReload (291ms)
		ReleaseScriptCaches (0ms)
		RebuildScriptCaches (0ms)
		SetupLoadedEditorAssemblies (226ms)
			LogAssemblyErrors (0ms)
			InitializePlatformSupportModulesInManaged (10ms)
			SetLoadedEditorAssemblies (8ms)
			RefreshPlugins (0ms)
			BeforeProcessingInitializeOnLoad (2ms)
			ProcessInitializeOnLoadAttributes (153ms)
			ProcessInitializeOnLoadMethodAttributes (53ms)
			AfterProcessingInitializeOnLoad (0ms)
			EditorAssembliesLoaded (0ms)
		ExecutionOrderSort2 (0ms)
		AwakeInstancesAfterBackupRestoration (0ms)
========================================================================
Worker process is ready to serve import requests
Begin MonoManager ReloadAssembly
Symbol file LoadedFromMemory doesn't match image E:\GitHub\TESIS\Tesis Enchanted Skylands\Library\PackageCache\com.unity.visualscripting@1.8.0\Editor\VisualScripting.Core\Dependencies\YamlDotNet\Unity.VisualScripting.YamlDotNet.dll
Symbol file LoadedFromMemory doesn't match image E:\GitHub\TESIS\Tesis Enchanted Skylands\Library\PackageCache\com.unity.visualscripting@1.8.0\Editor\VisualScripting.Core\Dependencies\DotNetZip\Unity.VisualScripting.IonicZip.dll
- Loaded All Assemblies, in  0.878 seconds
Refreshing native plugins compatible for Editor in 2.89 ms, found 3 plugins.
Native extension for WindowsStandalone target not found
Package Manager log level set to [2]
[Package Manager] Server::EnsureServerProcessIsRunning -- launch failed, reason: Unity was launched with the -noUpm command-line argument
[Package Manager] UpmClient::Send -- Unable to send message (not connected to UPM process).
[Package Manager] Cannot connect to Unity Package Manager local server
[Package Manager] Server::EnsureServerProcessIsRunning -- launch failed, reason: Unity was launched with the -noUpm command-line argument
[Package Manager] UpmClient::Send -- Unable to send message (not connected to UPM process).
[Package Manager] Cannot connect to Unity Package Manager local server
Mono: successfully reloaded assembly
- Finished resetting the current domain, in  0.820 seconds
Domain Reload Profiling: 1695ms
	BeginReloadAssembly (134ms)
		ExecutionOrderSort (0ms)
		DisableScriptedObjects (6ms)
		BackupInstance (0ms)
		ReleaseScriptingObjects (0ms)
		CreateAndSetChildDomain (20ms)
	RebuildCommonClasses (38ms)
	RebuildNativeTypeToScriptingClass (12ms)
	initialDomainReloadingComplete (55ms)
	LoadAllAssembliesAndSetupDomain (635ms)
		LoadAssemblies (298ms)
		RebuildTransferFunctionScriptingTraits (0ms)
		AnalyzeDomain (399ms)
			TypeCache.Refresh (357ms)
				TypeCache.ScanAssembly (342ms)
			ScanForSourceGeneratedMonoScriptInfo (28ms)
			ResolveRequiredComponents (13ms)
	FinalizeReload (820ms)
		ReleaseScriptCaches (0ms)
		RebuildScriptCaches (0ms)
		SetupLoadedEditorAssemblies (608ms)
			LogAssemblyErrors (0ms)
			InitializePlatformSupportModulesInManaged (8ms)
			SetLoadedEditorAssemblies (3ms)
			RefreshPlugins (0ms)
			BeforeProcessingInitializeOnLoad (82ms)
			ProcessInitializeOnLoadAttributes (430ms)
			ProcessInitializeOnLoadMethodAttributes (74ms)
			AfterProcessingInitializeOnLoad (10ms)
			EditorAssembliesLoaded (0ms)
		ExecutionOrderSort2 (0ms)
		AwakeInstancesAfterBackupRestoration (7ms)
Launched and connected shader compiler UnityShaderCompiler.exe after 0.04 seconds
Refreshing native plugins compatible for Editor in 3.05 ms, found 3 plugins.
Preloading 0 native plugins for Editor in 0.00 ms.
Unloading 6216 Unused Serialized files (Serialized files now loaded: 0)
Unloading 84 unused Assets / (433.3 KB). Loaded Objects now: 6703.
Memory consumption went from 386.0 MB to 385.6 MB.
Total: 3.921300 ms (FindLiveObjects: 0.697700 ms CreateObjectMapping: 0.255400 ms MarkObjects: 2.677600 ms  DeleteObjects: 0.289500 ms)

AssetImportParameters requested are different than current active one (requested -> active):
  custom:container-demuxer-ogg: 62fdf1f143b41e24485cea50d1cbac27 -> 
  custom:video-decoder-ogg-theora: a1e56fd34408186e4bbccfd4996cb3dc -> 
  custom:framework-win-MediaFoundation: 216162199b28c13a410421893ffa2e32 -> 
  custom:CustomObjectIndexerAttribute: a3ef5dd2817f97addfee359851a9dba5 -> 
  custom:container-demuxer-webm: 4f35f7cbe854078d1ac9338744f61a02 -> 
  custom:container-muxer-webm: aa71ff27fc2769a1b78a27578f13a17b -> 
  custom:video-decoder-webm-vp8: 9c59270c3fd7afecdb556c50c9e8de78 -> 
  custom:AudioImporter_EditorPlatform: d09bf68614088b80899f8185d706f6e7 -> 
  custom:video-encoder-webm-vp8: eb34c28f22e8b96e1ab97ce403110664 -> 
  custom:audio-decoder-ogg-vorbis: bf7c407c2cedff20999df2af8eb42d56 -> 
  custom:audio-encoder-webm-vorbis: bf7c407c2cedff20999df2af8eb42d56 -> 
========================================================================
Received Import Request.
  Time since last request: 948890.644317 seconds.
  path: Assets/Prefab/Crystals/Set2.prefab
  artifactKey: Guid(7dbc0ba482f6cfa4a895958b1fbc0443) Importer(815301076,1909f56bfc062723c751e8b465ee728b)
Start importing Assets/Prefab/Crystals/Set2.prefab using Guid(7dbc0ba482f6cfa4a895958b1fbc0443) Importer(815301076,1909f56bfc062723c751e8b465ee728b)  -> (artifact id: '42f99aab48be7974aa21798770612c05') in 0.021912 seconds
Number of updated asset objects reloaded before import = 0
Number of asset objects unloaded after import = 69
========================================================================
Received Import Request.
  Time since last request: 0.000017 seconds.
  path: Assets/Prefab/Crystals/Set3.prefab
  artifactKey: Guid(281a5c60cc1c6fb4ab3fb7a62ae785aa) Importer(815301076,1909f56bfc062723c751e8b465ee728b)
Start importing Assets/Prefab/Crystals/Set3.prefab using Guid(281a5c60cc1c6fb4ab3fb7a62ae785aa) Importer(815301076,1909f56bfc062723c751e8b465ee728b)  -> (artifact id: '3fbd46b0056ae06ddec2b05d97ce7da0') in 0.004867 seconds
Number of updated asset objects reloaded before import = 0
Number of asset objects unloaded after import = 125
========================================================================
Received Import Request.
  Time since last request: 2.221071 seconds.
  path: Assets/Prefab/Crystals/Set2.prefab
  artifactKey: Guid(7dbc0ba482f6cfa4a895958b1fbc0443) Importer(815301076,1909f56bfc062723c751e8b465ee728b)
Start importing Assets/Prefab/Crystals/Set2.prefab using Guid(7dbc0ba482f6cfa4a895958b1fbc0443) Importer(815301076,1909f56bfc062723c751e8b465ee728b)  -> (artifact id: '9555fabc58bec3cff0e700ff2f07544f') in 0.003989 seconds
Number of updated asset objects reloaded before import = 0
Number of asset objects unloaded after import = 65
========================================================================
Received Import Request.
  Time since last request: 0.000016 seconds.
  path: Assets/Prefab/Crystals/Set4.prefab
  artifactKey: Guid(90add17cbafa380449bdf97b89e42081) Importer(815301076,1909f56bfc062723c751e8b465ee728b)
Start importing Assets/Prefab/Crystals/Set4.prefab using Guid(90add17cbafa380449bdf97b89e42081) Importer(815301076,1909f56bfc062723c751e8b465ee728b)  -> (artifact id: '9d0f7719dbfce88166828fcb945f5076') in 0.005486 seconds
Number of updated asset objects reloaded before import = 0
Number of asset objects unloaded after import = 169
========================================================================
Received Import Request.
  Time since last request: 4.169365 seconds.
  path: Assets/Prefab/Crystals/Set2.prefab
  artifactKey: Guid(7dbc0ba482f6cfa4a895958b1fbc0443) Importer(815301076,1909f56bfc062723c751e8b465ee728b)
Start importing Assets/Prefab/Crystals/Set2.prefab using Guid(7dbc0ba482f6cfa4a895958b1fbc0443) Importer(815301076,1909f56bfc062723c751e8b465ee728b)  -> (artifact id: '8e43f0ae1d43855a0be2af00065e2674') in 0.004052 seconds
Number of updated asset objects reloaded before import = 0
Number of asset objects unloaded after import = 64
========================================================================
Received Import Request.
  Time since last request: 0.000014 seconds.
  path: Assets/Prefab/Crystals/Set4.prefab
  artifactKey: Guid(90add17cbafa380449bdf97b89e42081) Importer(815301076,1909f56bfc062723c751e8b465ee728b)
Start importing Assets/Prefab/Crystals/Set4.prefab using Guid(90add17cbafa380449bdf97b89e42081) Importer(815301076,1909f56bfc062723c751e8b465ee728b)  -> (artifact id: '9c28633eccd0dda2bddd6eeaabd8c157') in 0.005510 seconds
Number of updated asset objects reloaded before import = 0
Number of asset objects unloaded after import = 166
========================================================================
Received Import Request.
  Time since last request: 1.640785 seconds.
  path: Assets/Prefab/Crystals/Set2.prefab
  artifactKey: Guid(7dbc0ba482f6cfa4a895958b1fbc0443) Importer(815301076,1909f56bfc062723c751e8b465ee728b)
Start importing Assets/Prefab/Crystals/Set2.prefab using Guid(7dbc0ba482f6cfa4a895958b1fbc0443) Importer(815301076,1909f56bfc062723c751e8b465ee728b)  -> (artifact id: '29233edfd8b394fd2ca99f3aaf881166') in 0.003703 seconds
Number of updated asset objects reloaded before import = 0
Number of asset objects unloaded after import = 63
========================================================================
Received Import Request.
  Time since last request: 0.000014 seconds.
  path: Assets/Prefab/Crystals/Set4.prefab
  artifactKey: Guid(90add17cbafa380449bdf97b89e42081) Importer(815301076,1909f56bfc062723c751e8b465ee728b)
Start importing Assets/Prefab/Crystals/Set4.prefab using Guid(90add17cbafa380449bdf97b89e42081) Importer(815301076,1909f56bfc062723c751e8b465ee728b)  -> (artifact id: '4177f7d65ffc14a5f81297022ababbcd') in 0.005284 seconds
Number of updated asset objects reloaded before import = 0
Number of asset objects unloaded after import = 163
========================================================================
Received Import Request.
  Time since last request: 5.244211 seconds.
  path: Assets/Prefab/Crystals/Set2.prefab
  artifactKey: Guid(7dbc0ba482f6cfa4a895958b1fbc0443) Importer(815301076,1909f56bfc062723c751e8b465ee728b)
Start importing Assets/Prefab/Crystals/Set2.prefab using Guid(7dbc0ba482f6cfa4a895958b1fbc0443) Importer(815301076,1909f56bfc062723c751e8b465ee728b)  -> (artifact id: 'c1d0753a383a550d0279f8d000daa5a7') in 0.003832 seconds
Number of updated asset objects reloaded before import = 0
Number of asset objects unloaded after import = 63
========================================================================
Received Import Request.
  Time since last request: 0.000014 seconds.
  path: Assets/Prefab/Crystals/Set4.prefab
  artifactKey: Guid(90add17cbafa380449bdf97b89e42081) Importer(815301076,1909f56bfc062723c751e8b465ee728b)
Start importing Assets/Prefab/Crystals/Set4.prefab using Guid(90add17cbafa380449bdf97b89e42081) Importer(815301076,1909f56bfc062723c751e8b465ee728b)  -> (artifact id: 'c6d2afbb62be3d06cd8d76bab054b43b') in 0.005449 seconds
Number of updated asset objects reloaded before import = 0
Number of asset objects unloaded after import = 163
========================================================================
Received Import Request.
  Time since last request: 0.000019 seconds.
  path: Assets/Prefab/Crystals/Set6.prefab
  artifactKey: Guid(db342384b3c54d5499d6efd6630cda29) Importer(815301076,1909f56bfc062723c751e8b465ee728b)
Start importing Assets/Prefab/Crystals/Set6.prefab using Guid(db342384b3c54d5499d6efd6630cda29) Importer(815301076,1909f56bfc062723c751e8b465ee728b)  -> (artifact id: 'dfe1a66e50a9b45dd5d96ffb369cd3ab') in 0.006717 seconds
Number of updated asset objects reloaded before import = 0
Number of asset objects unloaded after import = 265
========================================================================
Received Import Request.
  Time since last request: 3.900990 seconds.
  path: Assets/Prefab/Crystals/Set2.prefab
  artifactKey: Guid(7dbc0ba482f6cfa4a895958b1fbc0443) Importer(815301076,1909f56bfc062723c751e8b465ee728b)
Start importing Assets/Prefab/Crystals/Set2.prefab using Guid(7dbc0ba482f6cfa4a895958b1fbc0443) Importer(815301076,1909f56bfc062723c751e8b465ee728b)  -> (artifact id: '2ac285290a4eae8eec8e605732e8ef28') in 0.003907 seconds
Number of updated asset objects reloaded before import = 0
Number of asset objects unloaded after import = 62
========================================================================
Received Import Request.
  Time since last request: 0.000015 seconds.
  path: Assets/Prefab/Crystals/Set4.prefab
  artifactKey: Guid(90add17cbafa380449bdf97b89e42081) Importer(815301076,1909f56bfc062723c751e8b465ee728b)
Start importing Assets/Prefab/Crystals/Set4.prefab using Guid(90add17cbafa380449bdf97b89e42081) Importer(815301076,1909f56bfc062723c751e8b465ee728b)  -> (artifact id: 'bbcce58c51e01568bdfae97d73a3b40f') in 0.005765 seconds
Number of updated asset objects reloaded before import = 0
Number of asset objects unloaded after import = 160
========================================================================
Received Import Request.
  Time since last request: 2.295825 seconds.
  path: Assets/Prefab/Crystals/Set2.prefab
  artifactKey: Guid(7dbc0ba482f6cfa4a895958b1fbc0443) Importer(815301076,1909f56bfc062723c751e8b465ee728b)
Start importing Assets/Prefab/Crystals/Set2.prefab using Guid(7dbc0ba482f6cfa4a895958b1fbc0443) Importer(815301076,1909f56bfc062723c751e8b465ee728b)  -> (artifact id: '8660fe805cdd254fae29d09dbf863cb8') in 0.004202 seconds
Number of updated asset objects reloaded before import = 0
Number of asset objects unloaded after import = 61
========================================================================
Received Import Request.
  Time since last request: 0.000015 seconds.
  path: Assets/Prefab/Crystals/Set4.prefab
  artifactKey: Guid(90add17cbafa380449bdf97b89e42081) Importer(815301076,1909f56bfc062723c751e8b465ee728b)
Start importing Assets/Prefab/Crystals/Set4.prefab using Guid(90add17cbafa380449bdf97b89e42081) Importer(815301076,1909f56bfc062723c751e8b465ee728b)  -> (artifact id: 'd69d8e64d7566d4ddaa2e7909644fc22') in 0.006027 seconds
Number of updated asset objects reloaded before import = 0
Number of asset objects unloaded after import = 157
========================================================================
Received Import Request.
  Time since last request: 8.516359 seconds.
  path: Assets/Prefab/Crystals/Set2.prefab
  artifactKey: Guid(7dbc0ba482f6cfa4a895958b1fbc0443) Importer(815301076,1909f56bfc062723c751e8b465ee728b)
Start importing Assets/Prefab/Crystals/Set2.prefab using Guid(7dbc0ba482f6cfa4a895958b1fbc0443) Importer(815301076,1909f56bfc062723c751e8b465ee728b)  -> (artifact id: 'eb18d8028e80342fc1a5b4304540e8da') in 0.003882 seconds
Number of updated asset objects reloaded before import = 0
Number of asset objects unloaded after import = 61
========================================================================
Received Import Request.
  Time since last request: 0.000017 seconds.
  path: Assets/Prefab/Crystals/Set4.prefab
  artifactKey: Guid(90add17cbafa380449bdf97b89e42081) Importer(815301076,1909f56bfc062723c751e8b465ee728b)
Start importing Assets/Prefab/Crystals/Set4.prefab using Guid(90add17cbafa380449bdf97b89e42081) Importer(815301076,1909f56bfc062723c751e8b465ee728b)  -> (artifact id: '6de41d7650a678f822111eff3aaa9d51') in 0.006003 seconds
Number of updated asset objects reloaded before import = 0
Number of asset objects unloaded after import = 157
Editor requested this worker to shutdown with reason: Scaling down because of idle timeout
TcpMessagingSession - receive error: operation aborted. errorcode: 995, details: La operación de E/S se anuló por una salida de subproceso o por una solicitud de aplicación.
AssetImportWorker is now disconnected from the server
Process exiting
Exiting without the bug reporter. Application will terminate with return code 0