Using pre-set license
Built from '2022.3/release' branch; Version is '2022.3.5f1 (9674261d40ee) revision 9860134'; Using compiler version '192829333'; Build Type 'Release'
OS: 'Windows 10  (10.0.19045) 64bit Professional' Language: 'es' Physical Memory: 16172 MB
BatchMode: 1, IsHumanControllingUs: 0, StartBugReporterOnCrash: 0, Is64bit: 1, IsPro: 1

COMMAND LINE ARGUMENTS:
C:\Program Files\Unity\Hub\Editor\2022.3.5f1\Editor\Unity.exe
-adb2
-batchMode
-noUpm
-name
AssetImportWorker4
-projectPath
C:/Users/Vladimir/OneDrive/Escritorio/Tesis
-logFile
Logs/AssetImportWorker4.log
-srvPort
61966
Successfully changed project path to: C:/Users/Vladimir/OneDrive/Escritorio/Tesis
C:/Users/Vladimir/OneDrive/Escritorio/Tesis
[UnityMemory] Configuration Parameters - Can be set up in boot.config
    "memorysetup-bucket-allocator-granularity=16"
    "memorysetup-bucket-allocator-bucket-count=8"
    "memorysetup-bucket-allocator-block-size=33554432"
    "memorysetup-bucket-allocator-block-count=8"
    "memorysetup-main-allocator-block-size=16777216"
    "memorysetup-thread-allocator-block-size=16777216"
    "memorysetup-gfx-main-allocator-block-size=16777216"
    "memorysetup-gfx-thread-allocator-block-size=16777216"
    "memorysetup-cache-allocator-block-size=4194304"
    "memorysetup-typetree-allocator-block-size=2097152"
    "memorysetup-profiler-bucket-allocator-granularity=16"
    "memorysetup-profiler-bucket-allocator-bucket-count=8"
    "memorysetup-profiler-bucket-allocator-block-size=33554432"
    "memorysetup-profiler-bucket-allocator-block-count=8"
    "memorysetup-profiler-allocator-block-size=16777216"
    "memorysetup-profiler-editor-allocator-block-size=1048576"
    "memorysetup-temp-allocator-size-main=16777216"
    "memorysetup-job-temp-allocator-block-size=2097152"
    "memorysetup-job-temp-allocator-block-size-background=1048576"
    "memorysetup-job-temp-allocator-reduction-small-platforms=262144"
    "memorysetup-allocator-temp-initial-block-size-main=262144"
    "memorysetup-allocator-temp-initial-block-size-worker=262144"
    "memorysetup-temp-allocator-size-background-worker=32768"
    "memorysetup-temp-allocator-size-job-worker=262144"
    "memorysetup-temp-allocator-size-preload-manager=33554432"
    "memorysetup-temp-allocator-size-nav-mesh-worker=65536"
    "memorysetup-temp-allocator-size-audio-worker=65536"
    "memorysetup-temp-allocator-size-cloud-worker=32768"
    "memorysetup-temp-allocator-size-gi-baking-worker=262144"
    "memorysetup-temp-allocator-size-gfx=262144"
Player connection [11444] Host "[IP] 192.168.1.102 [Port] 0 [Flags] 2 [Guid] 3447530289 [EditorId] 3447530289 [Version] 1048832 [Id] WindowsEditor(7,DESKTOP-5DNN92R) [Debug] 1 [PackageName] WindowsEditor [ProjectName] Editor" joined multi-casting on [225.0.0.222:54997]...

Player connection [11444] Host "[IP] 192.168.1.102 [Port] 0 [Flags] 2 [Guid] 3447530289 [EditorId] 3447530289 [Version] 1048832 [Id] WindowsEditor(7,DESKTOP-5DNN92R) [Debug] 1 [PackageName] WindowsEditor [ProjectName] Editor" joined alternative multi-casting on [225.0.0.222:34997]...

Refreshing native plugins compatible for Editor in 8.41 ms, found 3 plugins.
Preloading 0 native plugins for Editor in 0.00 ms.
Initialize engine version: 2022.3.5f1 (9674261d40ee)
[Subsystems] Discovering subsystems at path C:/Program Files/Unity/Hub/Editor/2022.3.5f1/Editor/Data/Resources/UnitySubsystems
[Subsystems] Discovering subsystems at path C:/Users/Vladimir/OneDrive/Escritorio/Tesis/Assets
GfxDevice: creating device client; threaded=0; jobified=0
Direct3D:
    Version:  Direct3D 11.0 [level 11.1]
    Renderer: NVIDIA GeForce GTX 1050 Ti (ID=0x1c82)
    Vendor:   NVIDIA
    VRAM:     4017 MB
    Driver:   31.0.15.3623
Initialize mono
Mono path[0] = 'C:/Program Files/Unity/Hub/Editor/2022.3.5f1/Editor/Data/Managed'
Mono path[1] = 'C:/Program Files/Unity/Hub/Editor/2022.3.5f1/Editor/Data/MonoBleedingEdge/lib/mono/unityjit-win32'
Mono config path = 'C:/Program Files/Unity/Hub/Editor/2022.3.5f1/Editor/Data/MonoBleedingEdge/etc'
Using monoOptions --debugger-agent=transport=dt_socket,embedding=1,server=y,suspend=n,address=127.0.0.1:56116
Begin MonoManager ReloadAssembly
Registering precompiled unity dll's ...
Register platform support module: C:/Program Files/Unity/Hub/Editor/2022.3.5f1/Editor/Data/PlaybackEngines/WindowsStandaloneSupport/UnityEditor.WindowsStandalone.Extensions.dll
Registered in 0.007217 seconds.
- Loaded All Assemblies, in  0.264 seconds
Native extension for WindowsStandalone target not found
Mono: successfully reloaded assembly
- Finished resetting the current domain, in  0.206 seconds
Domain Reload Profiling: 469ms
	BeginReloadAssembly (71ms)
		ExecutionOrderSort (0ms)
		DisableScriptedObjects (0ms)
		BackupInstance (0ms)
		ReleaseScriptingObjects (0ms)
		CreateAndSetChildDomain (1ms)
	RebuildCommonClasses (27ms)
	RebuildNativeTypeToScriptingClass (9ms)
	initialDomainReloadingComplete (50ms)
	LoadAllAssembliesAndSetupDomain (105ms)
		LoadAssemblies (69ms)
		RebuildTransferFunctionScriptingTraits (0ms)
		AnalyzeDomain (100ms)
			TypeCache.Refresh (99ms)
				TypeCache.ScanAssembly (89ms)
			ScanForSourceGeneratedMonoScriptInfo (0ms)
			ResolveRequiredComponents (0ms)
	FinalizeReload (207ms)
		ReleaseScriptCaches (0ms)
		RebuildScriptCaches (0ms)
		SetupLoadedEditorAssemblies (162ms)
			LogAssemblyErrors (0ms)
			InitializePlatformSupportModulesInManaged (8ms)
			SetLoadedEditorAssemblies (6ms)
			RefreshPlugins (0ms)
			BeforeProcessingInitializeOnLoad (2ms)
			ProcessInitializeOnLoadAttributes (108ms)
			ProcessInitializeOnLoadMethodAttributes (39ms)
			AfterProcessingInitializeOnLoad (0ms)
			EditorAssembliesLoaded (0ms)
		ExecutionOrderSort2 (0ms)
		AwakeInstancesAfterBackupRestoration (0ms)
========================================================================
Worker process is ready to serve import requests
Begin MonoManager ReloadAssembly
Symbol file LoadedFromMemory doesn't match image C:\Users\Vladimir\OneDrive\Escritorio\Tesis\Library\PackageCache\com.unity.visualscripting@1.8.0\Editor\VisualScripting.Core\Dependencies\YamlDotNet\Unity.VisualScripting.YamlDotNet.dll
Symbol file LoadedFromMemory doesn't match image C:\Users\Vladimir\OneDrive\Escritorio\Tesis\Library\PackageCache\com.unity.visualscripting@1.8.0\Editor\VisualScripting.Core\Dependencies\DotNetZip\Unity.VisualScripting.IonicZip.dll
- Loaded All Assemblies, in  0.613 seconds
Refreshing native plugins compatible for Editor in 3.52 ms, found 3 plugins.
Native extension for WindowsStandalone target not found
Package Manager log level set to [2]
[Package Manager] Server::EnsureServerProcessIsRunning -- launch failed, reason: Unity was launched with the -noUpm command-line argument
[Package Manager] UpmClient::Send -- Unable to send message (not connected to UPM process).
[Package Manager] Cannot connect to Unity Package Manager local server
[Package Manager] Server::EnsureServerProcessIsRunning -- launch failed, reason: Unity was launched with the -noUpm command-line argument
[Package Manager] UpmClient::Send -- Unable to send message (not connected to UPM process).
[Package Manager] Cannot connect to Unity Package Manager local server
Mono: successfully reloaded assembly
- Finished resetting the current domain, in  0.575 seconds
Domain Reload Profiling: 1185ms
	BeginReloadAssembly (108ms)
		ExecutionOrderSort (0ms)
		DisableScriptedObjects (5ms)
		BackupInstance (0ms)
		ReleaseScriptingObjects (0ms)
		CreateAndSetChildDomain (19ms)
	RebuildCommonClasses (26ms)
	RebuildNativeTypeToScriptingClass (8ms)
	initialDomainReloadingComplete (37ms)
	LoadAllAssembliesAndSetupDomain (431ms)
		LoadAssemblies (232ms)
		RebuildTransferFunctionScriptingTraits (0ms)
		AnalyzeDomain (250ms)
			TypeCache.Refresh (223ms)
				TypeCache.ScanAssembly (212ms)
			ScanForSourceGeneratedMonoScriptInfo (19ms)
			ResolveRequiredComponents (8ms)
	FinalizeReload (575ms)
		ReleaseScriptCaches (0ms)
		RebuildScriptCaches (0ms)
		SetupLoadedEditorAssemblies (432ms)
			LogAssemblyErrors (0ms)
			InitializePlatformSupportModulesInManaged (5ms)
			SetLoadedEditorAssemblies (2ms)
			RefreshPlugins (0ms)
			BeforeProcessingInitializeOnLoad (64ms)
			ProcessInitializeOnLoadAttributes (301ms)
			ProcessInitializeOnLoadMethodAttributes (53ms)
			AfterProcessingInitializeOnLoad (7ms)
			EditorAssembliesLoaded (0ms)
		ExecutionOrderSort2 (0ms)
		AwakeInstancesAfterBackupRestoration (4ms)
Launched and connected shader compiler UnityShaderCompiler.exe after 0.04 seconds
Refreshing native plugins compatible for Editor in 3.18 ms, found 3 plugins.
Preloading 0 native plugins for Editor in 0.00 ms.
Unloading 6213 Unused Serialized files (Serialized files now loaded: 0)
Unloading 84 unused Assets / (430.7 KB). Loaded Objects now: 6680.
Memory consumption went from 301.6 MB to 301.2 MB.
Total: 4.155100 ms (FindLiveObjects: 0.458800 ms CreateObjectMapping: 0.188200 ms MarkObjects: 3.217900 ms  DeleteObjects: 0.289200 ms)

AssetImportParameters requested are different than current active one (requested -> active):
  custom:container-demuxer-ogg: 62fdf1f143b41e24485cea50d1cbac27 -> 
  custom:video-decoder-ogg-theora: a1e56fd34408186e4bbccfd4996cb3dc -> 
  custom:framework-win-MediaFoundation: 216162199b28c13a410421893ffa2e32 -> 
  custom:CustomObjectIndexerAttribute: a3ef5dd2817f97addfee359851a9dba5 -> 
  custom:container-demuxer-webm: 4f35f7cbe854078d1ac9338744f61a02 -> 
  custom:scripting/monoscript/fileName/VolumeZone.cs: ca4b0d37c65baa0a9eefe351c787230a -> 
  custom:container-muxer-webm: aa71ff27fc2769a1b78a27578f13a17b -> 
  custom:video-decoder-webm-vp8: 9c59270c3fd7afecdb556c50c9e8de78 -> 
  custom:AudioImporter_EditorPlatform: d09bf68614088b80899f8185d706f6e7 -> 
  custom:video-encoder-webm-vp8: eb34c28f22e8b96e1ab97ce403110664 -> 
  custom:audio-decoder-ogg-vorbis: bf7c407c2cedff20999df2af8eb42d56 -> 
  custom:audio-encoder-webm-vorbis: bf7c407c2cedff20999df2af8eb42d56 -> 
========================================================================
Received Import Request.
  Time since last request: 123195.326809 seconds.
  path: Assets/Prefab/Crystals/Crystal1.prefab
  artifactKey: Guid(94a9632ff57daa14381445ecbe9ddd6b) Importer(815301076,1909f56bfc062723c751e8b465ee728b)
Start importing Assets/Prefab/Crystals/Crystal1.prefab using Guid(94a9632ff57daa14381445ecbe9ddd6b) Importer(815301076,1909f56bfc062723c751e8b465ee728b)  -> (artifact id: '8a54d008eaf4a5315a59931ecdab446a') in 0.023320 seconds
Number of updated asset objects reloaded before import = 0
Number of asset objects unloaded after import = 12
========================================================================
Received Import Request.
  Time since last request: 0.000020 seconds.
  path: Assets/Prefab/Crystals/Set6.prefab
  artifactKey: Guid(db342384b3c54d5499d6efd6630cda29) Importer(815301076,1909f56bfc062723c751e8b465ee728b)
Start importing Assets/Prefab/Crystals/Set6.prefab using Guid(db342384b3c54d5499d6efd6630cda29) Importer(815301076,1909f56bfc062723c751e8b465ee728b)  -> (artifact id: 'aedb1b2ae1a67db6754c5c1dbfd59a90') in 0.005907 seconds
Number of updated asset objects reloaded before import = 0
Number of asset objects unloaded after import = 207
========================================================================
Received Import Request.
  Time since last request: 16.253061 seconds.
  path: Assets/Prefab/Crystals/Crystal1.prefab
  artifactKey: Guid(94a9632ff57daa14381445ecbe9ddd6b) Importer(815301076,1909f56bfc062723c751e8b465ee728b)
Start importing Assets/Prefab/Crystals/Crystal1.prefab using Guid(94a9632ff57daa14381445ecbe9ddd6b) Importer(815301076,1909f56bfc062723c751e8b465ee728b)  -> (artifact id: '2e7835dded415dd48936d7b752598fdf') in 0.002474 seconds
Number of updated asset objects reloaded before import = 0
Number of asset objects unloaded after import = 12
========================================================================
Received Import Request.
  Time since last request: 0.000018 seconds.
  path: Assets/Prefab/Crystals/Set4.prefab
  artifactKey: Guid(90add17cbafa380449bdf97b89e42081) Importer(815301076,1909f56bfc062723c751e8b465ee728b)
Start importing Assets/Prefab/Crystals/Set4.prefab using Guid(90add17cbafa380449bdf97b89e42081) Importer(815301076,1909f56bfc062723c751e8b465ee728b)  -> (artifact id: '18dfb60ff3850d224e227376b97456bc') in 0.003609 seconds
Number of updated asset objects reloaded before import = 0
Number of asset objects unloaded after import = 127
========================================================================
Received Import Request.
  Time since last request: 3.314824 seconds.
  path: Assets/Prefab/Crystals/Crystal1.prefab
  artifactKey: Guid(94a9632ff57daa14381445ecbe9ddd6b) Importer(815301076,1909f56bfc062723c751e8b465ee728b)
Start importing Assets/Prefab/Crystals/Crystal1.prefab using Guid(94a9632ff57daa14381445ecbe9ddd6b) Importer(815301076,1909f56bfc062723c751e8b465ee728b)  -> (artifact id: 'a96b4304e530e17cff45ce40c4959b10') in 0.002144 seconds
Number of updated asset objects reloaded before import = 0
Number of asset objects unloaded after import = 12
========================================================================
Received Import Request.
  Time since last request: 0.000015 seconds.
  path: Assets/Prefab/Crystals/Set5.prefab
  artifactKey: Guid(199e52c2d2d6e3d488a673c0986a3fbf) Importer(815301076,1909f56bfc062723c751e8b465ee728b)
Start importing Assets/Prefab/Crystals/Set5.prefab using Guid(199e52c2d2d6e3d488a673c0986a3fbf) Importer(815301076,1909f56bfc062723c751e8b465ee728b)  -> (artifact id: 'a7015479b49141a6354485997ace9c21') in 0.003275 seconds
Number of updated asset objects reloaded before import = 0
Number of asset objects unloaded after import = 127
========================================================================
Received Import Request.
  Time since last request: 0.000017 seconds.
  path: Assets/Prefab/Crystals/Set6.prefab
  artifactKey: Guid(db342384b3c54d5499d6efd6630cda29) Importer(815301076,1909f56bfc062723c751e8b465ee728b)
Start importing Assets/Prefab/Crystals/Set6.prefab using Guid(db342384b3c54d5499d6efd6630cda29) Importer(815301076,1909f56bfc062723c751e8b465ee728b)  -> (artifact id: '61ec868a8b6ffb55ab40e532234f1ed4') in 0.004496 seconds
Number of updated asset objects reloaded before import = 0
Number of asset objects unloaded after import = 207
========================================================================
Received Import Request.
  Time since last request: 4.314914 seconds.
  path: Assets/Prefab/Crystals/Crystal1.prefab
  artifactKey: Guid(94a9632ff57daa14381445ecbe9ddd6b) Importer(815301076,1909f56bfc062723c751e8b465ee728b)
Start importing Assets/Prefab/Crystals/Crystal1.prefab using Guid(94a9632ff57daa14381445ecbe9ddd6b) Importer(815301076,1909f56bfc062723c751e8b465ee728b)  -> (artifact id: 'd26fed5f73999637d44cdec87ee7c5c9') in 0.002225 seconds
Number of updated asset objects reloaded before import = 0
Number of asset objects unloaded after import = 12
========================================================================
Received Import Request.
  Time since last request: 0.000019 seconds.
  path: Assets/Prefab/Crystals/Set5.prefab
  artifactKey: Guid(199e52c2d2d6e3d488a673c0986a3fbf) Importer(815301076,1909f56bfc062723c751e8b465ee728b)
Start importing Assets/Prefab/Crystals/Set5.prefab using Guid(199e52c2d2d6e3d488a673c0986a3fbf) Importer(815301076,1909f56bfc062723c751e8b465ee728b)  -> (artifact id: 'a5398eafec91ec104d6094b67ec10b0b') in 0.003382 seconds
Number of updated asset objects reloaded before import = 0
Number of asset objects unloaded after import = 127
========================================================================
Received Import Request.
  Time since last request: 0.000017 seconds.
  path: Assets/Prefab/Crystals/Set6.prefab
  artifactKey: Guid(db342384b3c54d5499d6efd6630cda29) Importer(815301076,1909f56bfc062723c751e8b465ee728b)
Start importing Assets/Prefab/Crystals/Set6.prefab using Guid(db342384b3c54d5499d6efd6630cda29) Importer(815301076,1909f56bfc062723c751e8b465ee728b)  -> (artifact id: '58af783cccafa47dcf6992cb49902c81') in 0.004478 seconds
Number of updated asset objects reloaded before import = 0
Number of asset objects unloaded after import = 207
========================================================================
Received Import Request.
  Time since last request: 3.111606 seconds.
  path: Assets/Prefab/Crystals/Crystal1.prefab
  artifactKey: Guid(94a9632ff57daa14381445ecbe9ddd6b) Importer(815301076,1909f56bfc062723c751e8b465ee728b)
Start importing Assets/Prefab/Crystals/Crystal1.prefab using Guid(94a9632ff57daa14381445ecbe9ddd6b) Importer(815301076,1909f56bfc062723c751e8b465ee728b)  -> (artifact id: 'f0f63ca98880fa4226db7eae7ab57a17') in 0.002393 seconds
Number of updated asset objects reloaded before import = 0
Number of asset objects unloaded after import = 12
========================================================================
Received Import Request.
  Time since last request: 0.000020 seconds.
  path: Assets/Prefab/Crystals/Set5.prefab
  artifactKey: Guid(199e52c2d2d6e3d488a673c0986a3fbf) Importer(815301076,1909f56bfc062723c751e8b465ee728b)
Start importing Assets/Prefab/Crystals/Set5.prefab using Guid(199e52c2d2d6e3d488a673c0986a3fbf) Importer(815301076,1909f56bfc062723c751e8b465ee728b)  -> (artifact id: '6bf59e2f1b90d11e11057e84fd66d57a') in 0.004222 seconds
Number of updated asset objects reloaded before import = 0
Number of asset objects unloaded after import = 127
========================================================================
Received Import Request.
  Time since last request: 7.130590 seconds.
  path: Assets/Prefab/Crystals/Crystal2.prefab
  artifactKey: Guid(23120cc1077a72a44a6df864576b4dc4) Importer(815301076,1909f56bfc062723c751e8b465ee728b)
Start importing Assets/Prefab/Crystals/Crystal2.prefab using Guid(23120cc1077a72a44a6df864576b4dc4) Importer(815301076,1909f56bfc062723c751e8b465ee728b)  -> (artifact id: '9f2de778ff6014ffd1d55a888be5bb6c') in 0.002245 seconds
Number of updated asset objects reloaded before import = 0
Number of asset objects unloaded after import = 12
========================================================================
Received Import Request.
  Time since last request: 0.000018 seconds.
  path: Assets/Prefab/Crystals/Set5.prefab
  artifactKey: Guid(199e52c2d2d6e3d488a673c0986a3fbf) Importer(815301076,1909f56bfc062723c751e8b465ee728b)
Start importing Assets/Prefab/Crystals/Set5.prefab using Guid(199e52c2d2d6e3d488a673c0986a3fbf) Importer(815301076,1909f56bfc062723c751e8b465ee728b)  -> (artifact id: 'db6e0f091a43c57029fca1f66f6ac7e4') in 0.003980 seconds
Number of updated asset objects reloaded before import = 0
Number of asset objects unloaded after import = 127
========================================================================
Received Import Request.
  Time since last request: 0.000018 seconds.
  path: Assets/Prefab/Crystals/Set6.prefab
  artifactKey: Guid(db342384b3c54d5499d6efd6630cda29) Importer(815301076,1909f56bfc062723c751e8b465ee728b)
Start importing Assets/Prefab/Crystals/Set6.prefab using Guid(db342384b3c54d5499d6efd6630cda29) Importer(815301076,1909f56bfc062723c751e8b465ee728b)  -> (artifact id: 'ee8558eb54ba7c8d546e35875e33bc52') in 0.004562 seconds
Number of updated asset objects reloaded before import = 0
Number of asset objects unloaded after import = 207
========================================================================
Received Import Request.
  Time since last request: 5.343183 seconds.
  path: Assets/Prefab/Crystals/Crystal3.prefab
  artifactKey: Guid(e8ce5a9dd039c6e4894de24bcc80df7b) Importer(815301076,1909f56bfc062723c751e8b465ee728b)
Start importing Assets/Prefab/Crystals/Crystal3.prefab using Guid(e8ce5a9dd039c6e4894de24bcc80df7b) Importer(815301076,1909f56bfc062723c751e8b465ee728b)  -> (artifact id: '5e3e0aad58b0d9c099459cb2b89f2a4e') in 0.002156 seconds
Number of updated asset objects reloaded before import = 0
Number of asset objects unloaded after import = 12
========================================================================
Received Import Request.
  Time since last request: 0.000017 seconds.
  path: Assets/Prefab/Crystals/Set5.prefab
  artifactKey: Guid(199e52c2d2d6e3d488a673c0986a3fbf) Importer(815301076,1909f56bfc062723c751e8b465ee728b)
Start importing Assets/Prefab/Crystals/Set5.prefab using Guid(199e52c2d2d6e3d488a673c0986a3fbf) Importer(815301076,1909f56bfc062723c751e8b465ee728b)  -> (artifact id: '498dae0dae2e44cdd939941f7464f1fe') in 0.003620 seconds
Number of updated asset objects reloaded before import = 0
Number of asset objects unloaded after import = 127
========================================================================
Received Import Request.
  Time since last request: 0.000016 seconds.
  path: Assets/Prefab/Crystals/Set6.prefab
  artifactKey: Guid(db342384b3c54d5499d6efd6630cda29) Importer(815301076,1909f56bfc062723c751e8b465ee728b)
Start importing Assets/Prefab/Crystals/Set6.prefab using Guid(db342384b3c54d5499d6efd6630cda29) Importer(815301076,1909f56bfc062723c751e8b465ee728b)  -> (artifact id: '34936c8775ffe719aab4449a2673e5fb') in 0.004343 seconds
Number of updated asset objects reloaded before import = 0
Number of asset objects unloaded after import = 207
========================================================================
Received Import Request.
  Time since last request: 3.686344 seconds.
  path: Assets/Prefab/Crystals/Crystal4.prefab
  artifactKey: Guid(a14bbeca8d07c204d95d026f92e4eb72) Importer(815301076,1909f56bfc062723c751e8b465ee728b)
Start importing Assets/Prefab/Crystals/Crystal4.prefab using Guid(a14bbeca8d07c204d95d026f92e4eb72) Importer(815301076,1909f56bfc062723c751e8b465ee728b)  -> (artifact id: 'a5e51e7de64482ef83d424cf2f7da02c') in 0.002191 seconds
Number of updated asset objects reloaded before import = 0
Number of asset objects unloaded after import = 12
========================================================================
Received Import Request.
  Time since last request: 0.000018 seconds.
  path: Assets/Prefab/Crystals/Set5.prefab
  artifactKey: Guid(199e52c2d2d6e3d488a673c0986a3fbf) Importer(815301076,1909f56bfc062723c751e8b465ee728b)
Start importing Assets/Prefab/Crystals/Set5.prefab using Guid(199e52c2d2d6e3d488a673c0986a3fbf) Importer(815301076,1909f56bfc062723c751e8b465ee728b)  -> (artifact id: '5b5ca589aeea7128e92e188e53b79883') in 0.003931 seconds
Number of updated asset objects reloaded before import = 0
Number of asset objects unloaded after import = 127
========================================================================
Received Import Request.
  Time since last request: 0.000032 seconds.
  path: Assets/Prefab/Crystals/Set6.prefab
  artifactKey: Guid(db342384b3c54d5499d6efd6630cda29) Importer(815301076,1909f56bfc062723c751e8b465ee728b)
Start importing Assets/Prefab/Crystals/Set6.prefab using Guid(db342384b3c54d5499d6efd6630cda29) Importer(815301076,1909f56bfc062723c751e8b465ee728b)  -> (artifact id: 'ddfde5f8c0a9d88a412d7235dc28b973') in 0.004731 seconds
Number of updated asset objects reloaded before import = 0
Number of asset objects unloaded after import = 207
========================================================================
Received Import Request.
  Time since last request: 1.696930 seconds.
  path: Assets/Prefab/Crystals/Crystal4.prefab
  artifactKey: Guid(a14bbeca8d07c204d95d026f92e4eb72) Importer(815301076,1909f56bfc062723c751e8b465ee728b)
Start importing Assets/Prefab/Crystals/Crystal4.prefab using Guid(a14bbeca8d07c204d95d026f92e4eb72) Importer(815301076,1909f56bfc062723c751e8b465ee728b)  -> (artifact id: '5269180a2d60ba6a1553e06b64bb1c20') in 0.001949 seconds
Number of updated asset objects reloaded before import = 0
Number of asset objects unloaded after import = 12
========================================================================
Received Import Request.
  Time since last request: 0.069228 seconds.
  path: Assets/Prefab/Crystals/Set3.prefab
  artifactKey: Guid(281a5c60cc1c6fb4ab3fb7a62ae785aa) Importer(815301076,1909f56bfc062723c751e8b465ee728b)
Start importing Assets/Prefab/Crystals/Set3.prefab using Guid(281a5c60cc1c6fb4ab3fb7a62ae785aa) Importer(815301076,1909f56bfc062723c751e8b465ee728b)  -> (artifact id: '1198f8537dee5abe79dc9ac29c6d1f50') in 0.003023 seconds
Number of updated asset objects reloaded before import = 0
Number of asset objects unloaded after import = 87
========================================================================
Received Import Request.
  Time since last request: 0.000016 seconds.
  path: Assets/Prefab/Crystals/Set6.prefab
  artifactKey: Guid(db342384b3c54d5499d6efd6630cda29) Importer(815301076,1909f56bfc062723c751e8b465ee728b)
Start importing Assets/Prefab/Crystals/Set6.prefab using Guid(db342384b3c54d5499d6efd6630cda29) Importer(815301076,1909f56bfc062723c751e8b465ee728b)  -> (artifact id: 'e4c2eec03096c5e17a9c55fa9fe7e3b8') in 0.004663 seconds
Number of updated asset objects reloaded before import = 0
Number of asset objects unloaded after import = 207
========================================================================
Received Prepare
Begin MonoManager ReloadAssembly
Symbol file LoadedFromMemory doesn't match image C:\Users\Vladimir\OneDrive\Escritorio\Tesis\Library\PackageCache\com.unity.visualscripting@1.8.0\Editor\VisualScripting.Core\Dependencies\YamlDotNet\Unity.VisualScripting.YamlDotNet.dll
Symbol file LoadedFromMemory doesn't match image C:\Users\Vladimir\OneDrive\Escritorio\Tesis\Library\PackageCache\com.unity.visualscripting@1.8.0\Editor\VisualScripting.Core\Dependencies\DotNetZip\Unity.VisualScripting.IonicZip.dll
- Loaded All Assemblies, in  0.661 seconds
Refreshing native plugins compatible for Editor in 5.43 ms, found 3 plugins.
Native extension for WindowsStandalone target not found
[Package Manager] Server::EnsureServerProcessIsRunning -- launch failed, reason: Unity was launched with the -noUpm command-line argument
[Package Manager] UpmClient::Send -- Unable to send message (not connected to UPM process).
[Package Manager] Cannot connect to Unity Package Manager local server
[Package Manager] Server::EnsureServerProcessIsRunning -- launch failed, reason: Unity was launched with the -noUpm command-line argument
[Package Manager] UpmClient::Send -- Unable to send message (not connected to UPM process).
[Package Manager] Cannot connect to Unity Package Manager local server
Mono: successfully reloaded assembly
- Finished resetting the current domain, in  1.263 seconds
Domain Reload Profiling: 1921ms
	BeginReloadAssembly (141ms)
		ExecutionOrderSort (0ms)
		DisableScriptedObjects (4ms)
		BackupInstance (0ms)
		ReleaseScriptingObjects (0ms)
		CreateAndSetChildDomain (42ms)
	RebuildCommonClasses (27ms)
	RebuildNativeTypeToScriptingClass (9ms)
	initialDomainReloadingComplete (27ms)
	LoadAllAssembliesAndSetupDomain (454ms)
		LoadAssemblies (249ms)
		RebuildTransferFunctionScriptingTraits (0ms)
		AnalyzeDomain (264ms)
			TypeCache.Refresh (251ms)
				TypeCache.ScanAssembly (237ms)
			ScanForSourceGeneratedMonoScriptInfo (0ms)
			ResolveRequiredComponents (13ms)
	FinalizeReload (1264ms)
		ReleaseScriptCaches (0ms)
		RebuildScriptCaches (0ms)
		SetupLoadedEditorAssemblies (551ms)
			LogAssemblyErrors (0ms)
			InitializePlatformSupportModulesInManaged (5ms)
			SetLoadedEditorAssemblies (2ms)
			RefreshPlugins (0ms)
			BeforeProcessingInitializeOnLoad (68ms)
			ProcessInitializeOnLoadAttributes (389ms)
			ProcessInitializeOnLoadMethodAttributes (75ms)
			AfterProcessingInitializeOnLoad (10ms)
			EditorAssembliesLoaded (0ms)
		ExecutionOrderSort2 (0ms)
		AwakeInstancesAfterBackupRestoration (18ms)
Refreshing native plugins compatible for Editor in 5.29 ms, found 3 plugins.
Preloading 0 native plugins for Editor in 0.00 ms.
Unloading 5825 Unused Serialized files (Serialized files now loaded: 0)
Unloading 41 unused Assets / (389.8 KB). Loaded Objects now: 6697.
Memory consumption went from 220.4 MB to 220.0 MB.
Total: 7.615000 ms (FindLiveObjects: 0.767800 ms CreateObjectMapping: 0.258300 ms MarkObjects: 6.091000 ms  DeleteObjects: 0.496100 ms)

Prepare: number of updated asset objects reloaded= 0
AssetImportParameters requested are different than current active one (requested -> active):
  custom:container-demuxer-ogg: 62fdf1f143b41e24485cea50d1cbac27 -> 
  custom:video-decoder-ogg-theora: a1e56fd34408186e4bbccfd4996cb3dc -> 
  custom:framework-win-MediaFoundation: 216162199b28c13a410421893ffa2e32 -> 
  custom:CustomObjectIndexerAttribute: a3ef5dd2817f97addfee359851a9dba5 -> 
  custom:container-demuxer-webm: 4f35f7cbe854078d1ac9338744f61a02 -> 
  custom:scripting/monoscript/fileName/VolumeZone.cs: ca4b0d37c65baa0a9eefe351c787230a -> 
  custom:container-muxer-webm: aa71ff27fc2769a1b78a27578f13a17b -> 
  custom:video-decoder-webm-vp8: 9c59270c3fd7afecdb556c50c9e8de78 -> 
  custom:AudioImporter_EditorPlatform: d09bf68614088b80899f8185d706f6e7 -> 
  custom:video-encoder-webm-vp8: eb34c28f22e8b96e1ab97ce403110664 -> 
  custom:audio-decoder-ogg-vorbis: bf7c407c2cedff20999df2af8eb42d56 -> 
  custom:audio-encoder-webm-vorbis: bf7c407c2cedff20999df2af8eb42d56 -> 
