Using pre-set license
Built from '2022.3/release' branch; Version is '2022.3.5f1 (9674261d40ee) revision 9860134'; Using compiler version '192829333'; Build Type 'Release'
OS: 'Windows 10  (10.0.19045) 64bit Professional' Language: 'es' Physical Memory: 32541 MB
BatchMode: 1, IsHumanControllingUs: 0, StartBugReporterOnCrash: 0, Is64bit: 1, IsPro: 1

COMMAND LINE ARGUMENTS:
C:\Program Files\Unity 2022.3.5f1\Editor\Unity.exe
-adb2
-batchMode
-noUpm
-name
AssetImportWorker0
-projectPath
E:/GitHub/TESIS/Tesis Enchanted Skylands
-logFile
Logs/AssetImportWorker0.log
-srvPort
56156
Successfully changed project path to: E:/GitHub/TESIS/Tesis Enchanted Skylands
E:/GitHub/TESIS/Tesis Enchanted Skylands
[UnityMemory] Configuration Parameters - Can be set up in boot.config
    "memorysetup-bucket-allocator-granularity=16"
    "memorysetup-bucket-allocator-bucket-count=8"
    "memorysetup-bucket-allocator-block-size=33554432"
    "memorysetup-bucket-allocator-block-count=8"
    "memorysetup-main-allocator-block-size=16777216"
    "memorysetup-thread-allocator-block-size=16777216"
    "memorysetup-gfx-main-allocator-block-size=16777216"
    "memorysetup-gfx-thread-allocator-block-size=16777216"
    "memorysetup-cache-allocator-block-size=4194304"
    "memorysetup-typetree-allocator-block-size=2097152"
    "memorysetup-profiler-bucket-allocator-granularity=16"
    "memorysetup-profiler-bucket-allocator-bucket-count=8"
    "memorysetup-profiler-bucket-allocator-block-size=33554432"
    "memorysetup-profiler-bucket-allocator-block-count=8"
    "memorysetup-profiler-allocator-block-size=16777216"
    "memorysetup-profiler-editor-allocator-block-size=1048576"
    "memorysetup-temp-allocator-size-main=16777216"
    "memorysetup-job-temp-allocator-block-size=2097152"
    "memorysetup-job-temp-allocator-block-size-background=1048576"
    "memorysetup-job-temp-allocator-reduction-small-platforms=262144"
    "memorysetup-allocator-temp-initial-block-size-main=262144"
    "memorysetup-allocator-temp-initial-block-size-worker=262144"
    "memorysetup-temp-allocator-size-background-worker=32768"
    "memorysetup-temp-allocator-size-job-worker=262144"
    "memorysetup-temp-allocator-size-preload-manager=33554432"
    "memorysetup-temp-allocator-size-nav-mesh-worker=65536"
    "memorysetup-temp-allocator-size-audio-worker=65536"
    "memorysetup-temp-allocator-size-cloud-worker=32768"
    "memorysetup-temp-allocator-size-gi-baking-worker=262144"
    "memorysetup-temp-allocator-size-gfx=262144"
Player connection [15880] Host "[IP] 192.168.0.102 [Port] 0 [Flags] 2 [Guid] 2635927137 [EditorId] 2635927137 [Version] 1048832 [Id] WindowsEditor(7,DESKTOP-IOH5AP5) [Debug] 1 [PackageName] WindowsEditor [ProjectName] Editor" joined multi-casting on [225.0.0.222:54997]...

Player connection [15880] Host "[IP] 192.168.0.102 [Port] 0 [Flags] 2 [Guid] 2635927137 [EditorId] 2635927137 [Version] 1048832 [Id] WindowsEditor(7,DESKTOP-IOH5AP5) [Debug] 1 [PackageName] WindowsEditor [ProjectName] Editor" joined alternative multi-casting on [225.0.0.222:34997]...

Refreshing native plugins compatible for Editor in 8.82 ms, found 3 plugins.
Preloading 0 native plugins for Editor in 0.00 ms.
Initialize engine version: 2022.3.5f1 (9674261d40ee)
[Subsystems] Discovering subsystems at path C:/Program Files/Unity 2022.3.5f1/Editor/Data/Resources/UnitySubsystems
[Subsystems] Discovering subsystems at path E:/GitHub/TESIS/Tesis Enchanted Skylands/Assets
GfxDevice: creating device client; threaded=0; jobified=0
Direct3D:
    Version:  Direct3D 11.0 [level 11.1]
    Renderer: NVIDIA GeForce GTX 1060 6GB (ID=0x1b83)
    Vendor:   NVIDIA
    VRAM:     6043 MB
    Driver:   31.0.15.3699
Initialize mono
Mono path[0] = 'C:/Program Files/Unity 2022.3.5f1/Editor/Data/Managed'
Mono path[1] = 'C:/Program Files/Unity 2022.3.5f1/Editor/Data/MonoBleedingEdge/lib/mono/unityjit-win32'
Mono config path = 'C:/Program Files/Unity 2022.3.5f1/Editor/Data/MonoBleedingEdge/etc'
Using monoOptions --debugger-agent=transport=dt_socket,embedding=1,server=y,suspend=n,address=127.0.0.1:56228
Begin MonoManager ReloadAssembly
Registering precompiled unity dll's ...
Register platform support module: C:/Program Files/Unity 2022.3.5f1/Editor/Data/PlaybackEngines/WindowsStandaloneSupport/UnityEditor.WindowsStandalone.Extensions.dll
Registered in 0.009063 seconds.
- Loaded All Assemblies, in  0.380 seconds
Native extension for WindowsStandalone target not found
Mono: successfully reloaded assembly
- Finished resetting the current domain, in  0.301 seconds
Domain Reload Profiling: 678ms
	BeginReloadAssembly (102ms)
		ExecutionOrderSort (0ms)
		DisableScriptedObjects (0ms)
		BackupInstance (0ms)
		ReleaseScriptingObjects (0ms)
		CreateAndSetChildDomain (1ms)
	RebuildCommonClasses (38ms)
	RebuildNativeTypeToScriptingClass (12ms)
	initialDomainReloadingComplete (72ms)
	LoadAllAssembliesAndSetupDomain (152ms)
		LoadAssemblies (99ms)
		RebuildTransferFunctionScriptingTraits (0ms)
		AnalyzeDomain (144ms)
			TypeCache.Refresh (143ms)
				TypeCache.ScanAssembly (132ms)
			ScanForSourceGeneratedMonoScriptInfo (0ms)
			ResolveRequiredComponents (1ms)
	FinalizeReload (302ms)
		ReleaseScriptCaches (0ms)
		RebuildScriptCaches (0ms)
		SetupLoadedEditorAssemblies (236ms)
			LogAssemblyErrors (0ms)
			InitializePlatformSupportModulesInManaged (11ms)
			SetLoadedEditorAssemblies (8ms)
			RefreshPlugins (0ms)
			BeforeProcessingInitializeOnLoad (2ms)
			ProcessInitializeOnLoadAttributes (158ms)
			ProcessInitializeOnLoadMethodAttributes (56ms)
			AfterProcessingInitializeOnLoad (0ms)
			EditorAssembliesLoaded (0ms)
		ExecutionOrderSort2 (0ms)
		AwakeInstancesAfterBackupRestoration (0ms)
========================================================================
Worker process is ready to serve import requests
Begin MonoManager ReloadAssembly
Symbol file LoadedFromMemory doesn't match image E:\GitHub\TESIS\Tesis Enchanted Skylands\Library\PackageCache\com.unity.visualscripting@1.8.0\Editor\VisualScripting.Core\Dependencies\YamlDotNet\Unity.VisualScripting.YamlDotNet.dll
Symbol file LoadedFromMemory doesn't match image E:\GitHub\TESIS\Tesis Enchanted Skylands\Library\PackageCache\com.unity.visualscripting@1.8.0\Editor\VisualScripting.Core\Dependencies\DotNetZip\Unity.VisualScripting.IonicZip.dll
- Loaded All Assemblies, in  0.877 seconds
Refreshing native plugins compatible for Editor in 3.16 ms, found 3 plugins.
Native extension for WindowsStandalone target not found
Package Manager log level set to [2]
[Package Manager] Server::EnsureServerProcessIsRunning -- launch failed, reason: Unity was launched with the -noUpm command-line argument
[Package Manager] UpmClient::Send -- Unable to send message (not connected to UPM process).
[Package Manager] Cannot connect to Unity Package Manager local server
[Package Manager] Server::EnsureServerProcessIsRunning -- launch failed, reason: Unity was launched with the -noUpm command-line argument
[Package Manager] UpmClient::Send -- Unable to send message (not connected to UPM process).
[Package Manager] Cannot connect to Unity Package Manager local server
Mono: successfully reloaded assembly
- Finished resetting the current domain, in  0.828 seconds
Domain Reload Profiling: 1702ms
	BeginReloadAssembly (144ms)
		ExecutionOrderSort (0ms)
		DisableScriptedObjects (7ms)
		BackupInstance (0ms)
		ReleaseScriptingObjects (0ms)
		CreateAndSetChildDomain (19ms)
	RebuildCommonClasses (39ms)
	RebuildNativeTypeToScriptingClass (13ms)
	initialDomainReloadingComplete (52ms)
	LoadAllAssembliesAndSetupDomain (626ms)
		LoadAssemblies (317ms)
		RebuildTransferFunctionScriptingTraits (0ms)
		AnalyzeDomain (379ms)
			TypeCache.Refresh (339ms)
				TypeCache.ScanAssembly (324ms)
			ScanForSourceGeneratedMonoScriptInfo (28ms)
			ResolveRequiredComponents (13ms)
	FinalizeReload (829ms)
		ReleaseScriptCaches (0ms)
		RebuildScriptCaches (0ms)
		SetupLoadedEditorAssemblies (606ms)
			LogAssemblyErrors (0ms)
			InitializePlatformSupportModulesInManaged (8ms)
			SetLoadedEditorAssemblies (3ms)
			RefreshPlugins (0ms)
			BeforeProcessingInitializeOnLoad (79ms)
			ProcessInitializeOnLoadAttributes (427ms)
			ProcessInitializeOnLoadMethodAttributes (76ms)
			AfterProcessingInitializeOnLoad (12ms)
			EditorAssembliesLoaded (0ms)
		ExecutionOrderSort2 (0ms)
		AwakeInstancesAfterBackupRestoration (8ms)
Launched and connected shader compiler UnityShaderCompiler.exe after 0.04 seconds
Refreshing native plugins compatible for Editor in 3.05 ms, found 3 plugins.
Preloading 0 native plugins for Editor in 0.00 ms.
Unloading 6258 Unused Serialized files (Serialized files now loaded: 0)
Unloading 87 unused Assets / (433.1 KB). Loaded Objects now: 6745.
Memory consumption went from 387.9 MB to 387.5 MB.
Total: 5.768700 ms (FindLiveObjects: 0.844000 ms CreateObjectMapping: 0.312000 ms MarkObjects: 4.275900 ms  DeleteObjects: 0.335500 ms)

AssetImportParameters requested are different than current active one (requested -> active):
  custom:container-demuxer-ogg: 62fdf1f143b41e24485cea50d1cbac27 -> 
  custom:video-decoder-ogg-theora: a1e56fd34408186e4bbccfd4996cb3dc -> 
  custom:framework-win-MediaFoundation: 216162199b28c13a410421893ffa2e32 -> 
  custom:container-demuxer-webm: 4f35f7cbe854078d1ac9338744f61a02 -> 
  custom:container-muxer-webm: aa71ff27fc2769a1b78a27578f13a17b -> 
  custom:video-decoder-webm-vp8: 9c59270c3fd7afecdb556c50c9e8de78 -> 
  custom:AudioImporter_EditorPlatform: d09bf68614088b80899f8185d706f6e7 -> 
  custom:video-encoder-webm-vp8: eb34c28f22e8b96e1ab97ce403110664 -> 
  custom:audio-decoder-ogg-vorbis: bf7c407c2cedff20999df2af8eb42d56 -> 
  custom:audio-encoder-webm-vorbis: bf7c407c2cedff20999df2af8eb42d56 -> 
========================================================================
Received Import Request.
  Time since last request: 916111.645281 seconds.
  path: Assets/Prefab/Player.prefab
  artifactKey: Guid(6227959bbce8c014586a9e641911101a) Importer(815301076,1909f56bfc062723c751e8b465ee728b)
Start importing Assets/Prefab/Player.prefab using Guid(6227959bbce8c014586a9e641911101a) Importer(815301076,1909f56bfc062723c751e8b465ee728b)  -> (artifact id: '4fd65f6d7a9e4febccca9e5866a08959') in 0.042344 seconds
Number of updated asset objects reloaded before import = 0
Number of asset objects unloaded after import = 474
========================================================================
Received Prepare
Refreshing native plugins compatible for Editor in 3.27 ms, found 3 plugins.
Preloading 0 native plugins for Editor in 0.00 ms.
Unloading 3 Unused Serialized files (Serialized files now loaded: 0)
Unloading 3 unused Assets / (364.2 KB). Loaded Objects now: 6747.
Memory consumption went from 214.8 MB to 214.5 MB.
Total: 3.983000 ms (FindLiveObjects: 0.737100 ms CreateObjectMapping: 0.271700 ms MarkObjects: 2.907900 ms  DeleteObjects: 0.065300 ms)

Prepare: number of updated asset objects reloaded= 0
AssetImportParameters requested are different than current active one (requested -> active):
  custom:container-demuxer-ogg: 62fdf1f143b41e24485cea50d1cbac27 -> 
  custom:video-decoder-ogg-theora: a1e56fd34408186e4bbccfd4996cb3dc -> 
  custom:framework-win-MediaFoundation: 216162199b28c13a410421893ffa2e32 -> 
  custom:CustomObjectIndexerAttribute: a3ef5dd2817f97addfee359851a9dba5 -> 
  custom:container-demuxer-webm: 4f35f7cbe854078d1ac9338744f61a02 -> 
  custom:container-muxer-webm: aa71ff27fc2769a1b78a27578f13a17b -> 
  custom:video-decoder-webm-vp8: 9c59270c3fd7afecdb556c50c9e8de78 -> 
  custom:AudioImporter_EditorPlatform: d09bf68614088b80899f8185d706f6e7 -> 
  custom:video-encoder-webm-vp8: eb34c28f22e8b96e1ab97ce403110664 -> 
  custom:audio-decoder-ogg-vorbis: bf7c407c2cedff20999df2af8eb42d56 -> 
  custom:audio-encoder-webm-vorbis: bf7c407c2cedff20999df2af8eb42d56 -> 
========================================================================
Received Import Request.
  Time since last request: 17.009329 seconds.
  path: Assets/Prefab/ICE/Tunel Bajo/Tunel bajo 1.prefab
  artifactKey: Guid(7302aed9f9e44364e9fe9556712c671c) Importer(815301076,1909f56bfc062723c751e8b465ee728b)
Start importing Assets/Prefab/ICE/Tunel Bajo/Tunel bajo 1.prefab using Guid(7302aed9f9e44364e9fe9556712c671c) Importer(815301076,1909f56bfc062723c751e8b465ee728b)  -> (artifact id: '9d7cefdd80ff526211a47a6fe993b338') in 0.016998 seconds
Number of updated asset objects reloaded before import = 0
Number of asset objects unloaded after import = 56
========================================================================
Received Import Request.
  Time since last request: 0.000015 seconds.
  path: Assets/Prefab/ICE/Tunel Bajo/Tunel Bajo 3.prefab
  artifactKey: Guid(370b4804f4d3f9447aebdd3481438efd) Importer(815301076,1909f56bfc062723c751e8b465ee728b)
Start importing Assets/Prefab/ICE/Tunel Bajo/Tunel Bajo 3.prefab using Guid(370b4804f4d3f9447aebdd3481438efd) Importer(815301076,1909f56bfc062723c751e8b465ee728b)  -> (artifact id: '38e163e3b58b250f0b68c4f00b1b3e33') in 0.001919 seconds
Number of updated asset objects reloaded before import = 0
Number of asset objects unloaded after import = 56
========================================================================
Received Prepare
Begin MonoManager ReloadAssembly
Symbol file LoadedFromMemory doesn't match image E:\GitHub\TESIS\Tesis Enchanted Skylands\Library\PackageCache\com.unity.visualscripting@1.8.0\Editor\VisualScripting.Core\Dependencies\YamlDotNet\Unity.VisualScripting.YamlDotNet.dll
Symbol file LoadedFromMemory doesn't match image E:\GitHub\TESIS\Tesis Enchanted Skylands\Library\PackageCache\com.unity.visualscripting@1.8.0\Editor\VisualScripting.Core\Dependencies\DotNetZip\Unity.VisualScripting.IonicZip.dll
- Loaded All Assemblies, in  0.777 seconds
Refreshing native plugins compatible for Editor in 3.27 ms, found 3 plugins.
Native extension for WindowsStandalone target not found
[Package Manager] Server::EnsureServerProcessIsRunning -- launch failed, reason: Unity was launched with the -noUpm command-line argument
[Package Manager] UpmClient::Send -- Unable to send message (not connected to UPM process).
[Package Manager] Cannot connect to Unity Package Manager local server
[Package Manager] Server::EnsureServerProcessIsRunning -- launch failed, reason: Unity was launched with the -noUpm command-line argument
[Package Manager] UpmClient::Send -- Unable to send message (not connected to UPM process).
[Package Manager] Cannot connect to Unity Package Manager local server
Mono: successfully reloaded assembly
- Finished resetting the current domain, in  1.458 seconds
Domain Reload Profiling: 2232ms
	BeginReloadAssembly (153ms)
		ExecutionOrderSort (0ms)
		DisableScriptedObjects (5ms)
		BackupInstance (0ms)
		ReleaseScriptingObjects (0ms)
		CreateAndSetChildDomain (39ms)
	RebuildCommonClasses (35ms)
	RebuildNativeTypeToScriptingClass (13ms)
	initialDomainReloadingComplete (36ms)
	LoadAllAssembliesAndSetupDomain (536ms)
		LoadAssemblies (279ms)
		RebuildTransferFunctionScriptingTraits (0ms)
		AnalyzeDomain (324ms)
			TypeCache.Refresh (308ms)
				TypeCache.ScanAssembly (295ms)
			ScanForSourceGeneratedMonoScriptInfo (0ms)
			ResolveRequiredComponents (15ms)
	FinalizeReload (1458ms)
		ReleaseScriptCaches (0ms)
		RebuildScriptCaches (0ms)
		SetupLoadedEditorAssemblies (653ms)
			LogAssemblyErrors (0ms)
			InitializePlatformSupportModulesInManaged (9ms)
			SetLoadedEditorAssemblies (4ms)
			RefreshPlugins (0ms)
			BeforeProcessingInitializeOnLoad (94ms)
			ProcessInitializeOnLoadAttributes (446ms)
			ProcessInitializeOnLoadMethodAttributes (86ms)
			AfterProcessingInitializeOnLoad (14ms)
			EditorAssembliesLoaded (0ms)
		ExecutionOrderSort2 (0ms)
		AwakeInstancesAfterBackupRestoration (24ms)
Refreshing native plugins compatible for Editor in 4.19 ms, found 3 plugins.
Preloading 0 native plugins for Editor in 0.00 ms.
Unloading 5867 Unused Serialized files (Serialized files now loaded: 0)
Unloading 44 unused Assets / (390.0 KB). Loaded Objects now: 6763.
Memory consumption went from 305.8 MB to 305.4 MB.
Total: 4.694800 ms (FindLiveObjects: 0.995300 ms CreateObjectMapping: 0.276100 ms MarkObjects: 3.270300 ms  DeleteObjects: 0.151800 ms)

Prepare: number of updated asset objects reloaded= 0
AssetImportParameters requested are different than current active one (requested -> active):
  custom:container-demuxer-ogg: 62fdf1f143b41e24485cea50d1cbac27 -> 
  custom:video-decoder-ogg-theora: a1e56fd34408186e4bbccfd4996cb3dc -> 
  custom:framework-win-MediaFoundation: 216162199b28c13a410421893ffa2e32 -> 
  custom:CustomObjectIndexerAttribute: a3ef5dd2817f97addfee359851a9dba5 -> 
  custom:container-demuxer-webm: 4f35f7cbe854078d1ac9338744f61a02 -> 
  custom:container-muxer-webm: aa71ff27fc2769a1b78a27578f13a17b -> 
  custom:video-decoder-webm-vp8: 9c59270c3fd7afecdb556c50c9e8de78 -> 
  custom:AudioImporter_EditorPlatform: d09bf68614088b80899f8185d706f6e7 -> 
  custom:video-encoder-webm-vp8: eb34c28f22e8b96e1ab97ce403110664 -> 
  custom:audio-decoder-ogg-vorbis: bf7c407c2cedff20999df2af8eb42d56 -> 
  custom:audio-encoder-webm-vorbis: bf7c407c2cedff20999df2af8eb42d56 -> 
========================================================================
Received Import Request.
  Time since last request: 101.423968 seconds.
  path: Assets/Prefab/ICE/Tunel Bajo/Tunel bajo 1.prefab
  artifactKey: Guid(7302aed9f9e44364e9fe9556712c671c) Importer(815301076,1909f56bfc062723c751e8b465ee728b)
Start importing Assets/Prefab/ICE/Tunel Bajo/Tunel bajo 1.prefab using Guid(7302aed9f9e44364e9fe9556712c671c) Importer(815301076,1909f56bfc062723c751e8b465ee728b)  -> (artifact id: '3c061577b43968b9383564e3ffbdfe0d') in 0.027933 seconds
Number of updated asset objects reloaded before import = 0
Number of asset objects unloaded after import = 56
========================================================================
Received Import Request.
  Time since last request: 3.287458 seconds.
  path: Assets/Prefab/ICE/Tunel Bajo/Tunel bajo 1.prefab
  artifactKey: Guid(7302aed9f9e44364e9fe9556712c671c) Importer(815301076,1909f56bfc062723c751e8b465ee728b)
Start importing Assets/Prefab/ICE/Tunel Bajo/Tunel bajo 1.prefab using Guid(7302aed9f9e44364e9fe9556712c671c) Importer(815301076,1909f56bfc062723c751e8b465ee728b)  -> (artifact id: '7cc9262185f5a84dfbe290aef06d1c1a') in 0.002058 seconds
Number of updated asset objects reloaded before import = 0
Number of asset objects unloaded after import = 56
========================================================================
Received Import Request.
  Time since last request: 3.003068 seconds.
  path: Assets/Prefab/ICE/Tunel Bajo/Tunel bajo 1.prefab
  artifactKey: Guid(7302aed9f9e44364e9fe9556712c671c) Importer(815301076,1909f56bfc062723c751e8b465ee728b)
Start importing Assets/Prefab/ICE/Tunel Bajo/Tunel bajo 1.prefab using Guid(7302aed9f9e44364e9fe9556712c671c) Importer(815301076,1909f56bfc062723c751e8b465ee728b)  -> (artifact id: '3cf73492abc616bc0e5d0b9ae56c7ed0') in 0.002223 seconds
Number of updated asset objects reloaded before import = 0
Number of asset objects unloaded after import = 56
========================================================================
Received Import Request.
  Time since last request: 3.993958 seconds.
  path: Assets/Prefab/ICE/Tunel Bajo/Tunel bajo 1.prefab
  artifactKey: Guid(7302aed9f9e44364e9fe9556712c671c) Importer(815301076,1909f56bfc062723c751e8b465ee728b)
Start importing Assets/Prefab/ICE/Tunel Bajo/Tunel bajo 1.prefab using Guid(7302aed9f9e44364e9fe9556712c671c) Importer(815301076,1909f56bfc062723c751e8b465ee728b)  -> (artifact id: '2f89c1bc88a5be379ade1f4240ddedb0') in 0.002004 seconds
Number of updated asset objects reloaded before import = 0
Number of asset objects unloaded after import = 56
========================================================================
Received Import Request.
  Time since last request: 2.402018 seconds.
  path: Assets/Prefab/ICE/Tunel Bajo/Tunel bajo 1.prefab
  artifactKey: Guid(7302aed9f9e44364e9fe9556712c671c) Importer(815301076,1909f56bfc062723c751e8b465ee728b)
Start importing Assets/Prefab/ICE/Tunel Bajo/Tunel bajo 1.prefab using Guid(7302aed9f9e44364e9fe9556712c671c) Importer(815301076,1909f56bfc062723c751e8b465ee728b)  -> (artifact id: '32f7b1339cb5e9dfdd0143226b485120') in 0.001978 seconds
Number of updated asset objects reloaded before import = 0
Number of asset objects unloaded after import = 56
========================================================================
Received Import Request.
  Time since last request: 2.798845 seconds.
  path: Assets/Prefab/ICE/Tunel Bajo/Tunel bajo 1.prefab
  artifactKey: Guid(7302aed9f9e44364e9fe9556712c671c) Importer(815301076,1909f56bfc062723c751e8b465ee728b)
Start importing Assets/Prefab/ICE/Tunel Bajo/Tunel bajo 1.prefab using Guid(7302aed9f9e44364e9fe9556712c671c) Importer(815301076,1909f56bfc062723c751e8b465ee728b)  -> (artifact id: 'bb9c7572919931049ee9981390b58af5') in 0.002503 seconds
Number of updated asset objects reloaded before import = 0
Number of asset objects unloaded after import = 56
========================================================================
Received Import Request.
  Time since last request: 3.398550 seconds.
  path: Assets/Prefab/ICE/Tunel Bajo/Tunel bajo 1.prefab
  artifactKey: Guid(7302aed9f9e44364e9fe9556712c671c) Importer(815301076,1909f56bfc062723c751e8b465ee728b)
Start importing Assets/Prefab/ICE/Tunel Bajo/Tunel bajo 1.prefab using Guid(7302aed9f9e44364e9fe9556712c671c) Importer(815301076,1909f56bfc062723c751e8b465ee728b)  -> (artifact id: '17c8968584366014c71ab1d9fd6bf1f3') in 0.001927 seconds
Number of updated asset objects reloaded before import = 0
Number of asset objects unloaded after import = 56
========================================================================
Received Import Request.
  Time since last request: 6.435004 seconds.
  path: Assets/Prefab/ICE/Tunel Bajo/Tunel bajo 1.prefab
  artifactKey: Guid(7302aed9f9e44364e9fe9556712c671c) Importer(815301076,1909f56bfc062723c751e8b465ee728b)
Start importing Assets/Prefab/ICE/Tunel Bajo/Tunel bajo 1.prefab using Guid(7302aed9f9e44364e9fe9556712c671c) Importer(815301076,1909f56bfc062723c751e8b465ee728b)  -> (artifact id: '8cfded0fb17fcbfa4c75c2325031daaa') in 0.002077 seconds
Number of updated asset objects reloaded before import = 0
Number of asset objects unloaded after import = 56
========================================================================
Received Import Request.
  Time since last request: 4.401735 seconds.
  path: Assets/Prefab/ICE/Tunel Bajo/Tunel bajo 1.prefab
  artifactKey: Guid(7302aed9f9e44364e9fe9556712c671c) Importer(815301076,1909f56bfc062723c751e8b465ee728b)
Start importing Assets/Prefab/ICE/Tunel Bajo/Tunel bajo 1.prefab using Guid(7302aed9f9e44364e9fe9556712c671c) Importer(815301076,1909f56bfc062723c751e8b465ee728b)  -> (artifact id: '768fe4c2b3ab30f7a285133e93a7d9e8') in 0.001968 seconds
Number of updated asset objects reloaded before import = 0
Number of asset objects unloaded after import = 56
========================================================================
Received Import Request.
  Time since last request: 2.191863 seconds.
  path: Assets/Prefab/ICE/Tunel Bajo/Tunel bajo 1.prefab
  artifactKey: Guid(7302aed9f9e44364e9fe9556712c671c) Importer(815301076,1909f56bfc062723c751e8b465ee728b)
Start importing Assets/Prefab/ICE/Tunel Bajo/Tunel bajo 1.prefab using Guid(7302aed9f9e44364e9fe9556712c671c) Importer(815301076,1909f56bfc062723c751e8b465ee728b)  -> (artifact id: '2826034a13fadff56d019a980b452386') in 0.002312 seconds
Number of updated asset objects reloaded before import = 0
Number of asset objects unloaded after import = 56
========================================================================
Received Import Request.
  Time since last request: 10.845075 seconds.
  path: Assets/Prefab/ICE/Tunel Bajo/Tunel bajo 1.prefab
  artifactKey: Guid(7302aed9f9e44364e9fe9556712c671c) Importer(815301076,1909f56bfc062723c751e8b465ee728b)
Start importing Assets/Prefab/ICE/Tunel Bajo/Tunel bajo 1.prefab using Guid(7302aed9f9e44364e9fe9556712c671c) Importer(815301076,1909f56bfc062723c751e8b465ee728b)  -> (artifact id: 'b2ece93fb4594bb4be9a7d2463f16c37') in 0.002093 seconds
Number of updated asset objects reloaded before import = 0
Number of asset objects unloaded after import = 56
========================================================================
Received Import Request.
  Time since last request: 1.797464 seconds.
  path: Assets/Prefab/ICE/Tunel Bajo/Tunel bajo 1.prefab
  artifactKey: Guid(7302aed9f9e44364e9fe9556712c671c) Importer(815301076,1909f56bfc062723c751e8b465ee728b)
Start importing Assets/Prefab/ICE/Tunel Bajo/Tunel bajo 1.prefab using Guid(7302aed9f9e44364e9fe9556712c671c) Importer(815301076,1909f56bfc062723c751e8b465ee728b)  -> (artifact id: 'ce5ec274f44702dc4ce4cb735578484c') in 0.002175 seconds
Number of updated asset objects reloaded before import = 0
Number of asset objects unloaded after import = 56
========================================================================
Received Import Request.
  Time since last request: 0.992965 seconds.
  path: Assets/Prefab/ICE/Tunel Bajo/Tunel bajo 1.prefab
  artifactKey: Guid(7302aed9f9e44364e9fe9556712c671c) Importer(815301076,1909f56bfc062723c751e8b465ee728b)
Start importing Assets/Prefab/ICE/Tunel Bajo/Tunel bajo 1.prefab using Guid(7302aed9f9e44364e9fe9556712c671c) Importer(815301076,1909f56bfc062723c751e8b465ee728b)  -> (artifact id: 'c5db17b4d96a52f90a6b91e1bfbde491') in 0.002028 seconds
Number of updated asset objects reloaded before import = 0
Number of asset objects unloaded after import = 56
========================================================================
Received Import Request.
  Time since last request: 7.722020 seconds.
  path: Assets/Prefab/ICE/Tunel Bajo/Tunel bajo 1.prefab
  artifactKey: Guid(7302aed9f9e44364e9fe9556712c671c) Importer(815301076,1909f56bfc062723c751e8b465ee728b)
Start importing Assets/Prefab/ICE/Tunel Bajo/Tunel bajo 1.prefab using Guid(7302aed9f9e44364e9fe9556712c671c) Importer(815301076,1909f56bfc062723c751e8b465ee728b)  -> (artifact id: 'bf0554cbe694e7a59408fac9f9fe21cf') in 0.002734 seconds
Number of updated asset objects reloaded before import = 0
Number of asset objects unloaded after import = 56
========================================================================
Received Import Request.
  Time since last request: 2.801284 seconds.
  path: Assets/Prefab/ICE/Tunel Bajo/Tunel bajo 1.prefab
  artifactKey: Guid(7302aed9f9e44364e9fe9556712c671c) Importer(815301076,1909f56bfc062723c751e8b465ee728b)
Start importing Assets/Prefab/ICE/Tunel Bajo/Tunel bajo 1.prefab using Guid(7302aed9f9e44364e9fe9556712c671c) Importer(815301076,1909f56bfc062723c751e8b465ee728b)  -> (artifact id: 'dbded6b0d64e88dade7bc4e26950e93c') in 0.001958 seconds
Number of updated asset objects reloaded before import = 0
Number of asset objects unloaded after import = 56
========================================================================
Received Import Request.
  Time since last request: 2.599921 seconds.
  path: Assets/Prefab/ICE/Tunel Bajo/Tunel bajo 1.prefab
  artifactKey: Guid(7302aed9f9e44364e9fe9556712c671c) Importer(815301076,1909f56bfc062723c751e8b465ee728b)
Start importing Assets/Prefab/ICE/Tunel Bajo/Tunel bajo 1.prefab using Guid(7302aed9f9e44364e9fe9556712c671c) Importer(815301076,1909f56bfc062723c751e8b465ee728b)  -> (artifact id: '2e39dbf0d4f51cb818ba8e76ce9f04e0') in 0.002213 seconds
Number of updated asset objects reloaded before import = 0
Number of asset objects unloaded after import = 56
========================================================================
Received Import Request.
  Time since last request: 14.482215 seconds.
  path: Assets/Prefab/ICE/Tunel Bajo/Tunel bajo 1.prefab
  artifactKey: Guid(7302aed9f9e44364e9fe9556712c671c) Importer(815301076,1909f56bfc062723c751e8b465ee728b)
Start importing Assets/Prefab/ICE/Tunel Bajo/Tunel bajo 1.prefab using Guid(7302aed9f9e44364e9fe9556712c671c) Importer(815301076,1909f56bfc062723c751e8b465ee728b)  -> (artifact id: '0231658d22d1779a4ec9d8d24ecb5e28') in 0.002639 seconds
Number of updated asset objects reloaded before import = 0
Number of asset objects unloaded after import = 56
========================================================================
Received Import Request.
  Time since last request: 1.410499 seconds.
  path: Assets/Prefab/ICE/Tunel Bajo/Tunel bajo 1.prefab
  artifactKey: Guid(7302aed9f9e44364e9fe9556712c671c) Importer(815301076,1909f56bfc062723c751e8b465ee728b)
Start importing Assets/Prefab/ICE/Tunel Bajo/Tunel bajo 1.prefab using Guid(7302aed9f9e44364e9fe9556712c671c) Importer(815301076,1909f56bfc062723c751e8b465ee728b)  -> (artifact id: 'a62a56dbf2f3dca764a46d864d5106b4') in 0.001990 seconds
Number of updated asset objects reloaded before import = 0
Number of asset objects unloaded after import = 56
========================================================================
Received Import Request.
  Time since last request: 2.787122 seconds.
  path: Assets/Prefab/ICE/Tunel Bajo/Tunel bajo 1.prefab
  artifactKey: Guid(7302aed9f9e44364e9fe9556712c671c) Importer(815301076,1909f56bfc062723c751e8b465ee728b)
Start importing Assets/Prefab/ICE/Tunel Bajo/Tunel bajo 1.prefab using Guid(7302aed9f9e44364e9fe9556712c671c) Importer(815301076,1909f56bfc062723c751e8b465ee728b)  -> (artifact id: '7d1ce803366a2c0c04d5d08d025c9ec9') in 0.002749 seconds
Number of updated asset objects reloaded before import = 0
Number of asset objects unloaded after import = 56
========================================================================
Received Import Request.
  Time since last request: 10.649674 seconds.
  path: Assets/Prefab/ICE/Tunel Bajo/Tunel bajo 2.prefab
  artifactKey: Guid(efb38cc7b72c85d41964a86f7dfe50a6) Importer(815301076,1909f56bfc062723c751e8b465ee728b)
Start importing Assets/Prefab/ICE/Tunel Bajo/Tunel bajo 2.prefab using Guid(efb38cc7b72c85d41964a86f7dfe50a6) Importer(815301076,1909f56bfc062723c751e8b465ee728b)  -> (artifact id: '0292dfadcd53edbeae779760acd4cbaa') in 0.002477 seconds
Number of updated asset objects reloaded before import = 0
Number of asset objects unloaded after import = 56
========================================================================
Received Import Request.
  Time since last request: 2.987767 seconds.
  path: Assets/Prefab/ICE/Tunel Bajo/Tunel bajo 2.prefab
  artifactKey: Guid(efb38cc7b72c85d41964a86f7dfe50a6) Importer(815301076,1909f56bfc062723c751e8b465ee728b)
Start importing Assets/Prefab/ICE/Tunel Bajo/Tunel bajo 2.prefab using Guid(efb38cc7b72c85d41964a86f7dfe50a6) Importer(815301076,1909f56bfc062723c751e8b465ee728b)  -> (artifact id: '239b21f3a690e151361572d1da9d3d5f') in 0.002205 seconds
Number of updated asset objects reloaded before import = 0
Number of asset objects unloaded after import = 56
========================================================================
Received Import Request.
  Time since last request: 3.605058 seconds.
  path: Assets/Prefab/ICE/Tunel Bajo/Tunel bajo 2.prefab
  artifactKey: Guid(efb38cc7b72c85d41964a86f7dfe50a6) Importer(815301076,1909f56bfc062723c751e8b465ee728b)
Start importing Assets/Prefab/ICE/Tunel Bajo/Tunel bajo 2.prefab using Guid(efb38cc7b72c85d41964a86f7dfe50a6) Importer(815301076,1909f56bfc062723c751e8b465ee728b)  -> (artifact id: '20a7b418f19e6b3dc7ad702a42ada513') in 0.002405 seconds
Number of updated asset objects reloaded before import = 0
Number of asset objects unloaded after import = 56
========================================================================
Received Import Request.
  Time since last request: 3.006204 seconds.
  path: Assets/Prefab/ICE/Tunel Bajo/Tunel bajo 2.prefab
  artifactKey: Guid(efb38cc7b72c85d41964a86f7dfe50a6) Importer(815301076,1909f56bfc062723c751e8b465ee728b)
Start importing Assets/Prefab/ICE/Tunel Bajo/Tunel bajo 2.prefab using Guid(efb38cc7b72c85d41964a86f7dfe50a6) Importer(815301076,1909f56bfc062723c751e8b465ee728b)  -> (artifact id: 'fcb02ae93afae1da89255b0cc7589dcb') in 0.002179 seconds
Number of updated asset objects reloaded before import = 0
Number of asset objects unloaded after import = 56
========================================================================
Received Import Request.
  Time since last request: 3.805348 seconds.
  path: Assets/Prefab/ICE/Tunel Bajo/Tunel bajo 2.prefab
  artifactKey: Guid(efb38cc7b72c85d41964a86f7dfe50a6) Importer(815301076,1909f56bfc062723c751e8b465ee728b)
Start importing Assets/Prefab/ICE/Tunel Bajo/Tunel bajo 2.prefab using Guid(efb38cc7b72c85d41964a86f7dfe50a6) Importer(815301076,1909f56bfc062723c751e8b465ee728b)  -> (artifact id: 'a4fb320c6fdc1dcc33572929d27e521e') in 0.002314 seconds
Number of updated asset objects reloaded before import = 0
Number of asset objects unloaded after import = 56
========================================================================
Received Import Request.
  Time since last request: 3.397278 seconds.
  path: Assets/Prefab/ICE/Tunel Bajo/Tunel bajo 2.prefab
  artifactKey: Guid(efb38cc7b72c85d41964a86f7dfe50a6) Importer(815301076,1909f56bfc062723c751e8b465ee728b)
Start importing Assets/Prefab/ICE/Tunel Bajo/Tunel bajo 2.prefab using Guid(efb38cc7b72c85d41964a86f7dfe50a6) Importer(815301076,1909f56bfc062723c751e8b465ee728b)  -> (artifact id: 'cb0b14035121f31217fc0b6884d58c5e') in 0.001993 seconds
Number of updated asset objects reloaded before import = 0
Number of asset objects unloaded after import = 56
========================================================================
Received Import Request.
  Time since last request: 2.803630 seconds.
  path: Assets/Prefab/ICE/Tunel Bajo/Tunel bajo 2.prefab
  artifactKey: Guid(efb38cc7b72c85d41964a86f7dfe50a6) Importer(815301076,1909f56bfc062723c751e8b465ee728b)
Start importing Assets/Prefab/ICE/Tunel Bajo/Tunel bajo 2.prefab using Guid(efb38cc7b72c85d41964a86f7dfe50a6) Importer(815301076,1909f56bfc062723c751e8b465ee728b)  -> (artifact id: 'abfc72c798c38a6d9d0ead718463b4f7') in 0.002080 seconds
Number of updated asset objects reloaded before import = 0
Number of asset objects unloaded after import = 56
========================================================================
Received Import Request.
  Time since last request: 3.008684 seconds.
  path: Assets/Prefab/ICE/Tunel Bajo/Tunel bajo 2.prefab
  artifactKey: Guid(efb38cc7b72c85d41964a86f7dfe50a6) Importer(815301076,1909f56bfc062723c751e8b465ee728b)
Start importing Assets/Prefab/ICE/Tunel Bajo/Tunel bajo 2.prefab using Guid(efb38cc7b72c85d41964a86f7dfe50a6) Importer(815301076,1909f56bfc062723c751e8b465ee728b)  -> (artifact id: 'ddb783823d56cbd89718edeb56253735') in 0.001971 seconds
Number of updated asset objects reloaded before import = 0
Number of asset objects unloaded after import = 56
========================================================================
Received Import Request.
  Time since last request: 8.850832 seconds.
  path: Assets/Prefab/ICE/Tunel Bajo/Tunel bajo 2.prefab
  artifactKey: Guid(efb38cc7b72c85d41964a86f7dfe50a6) Importer(815301076,1909f56bfc062723c751e8b465ee728b)
Start importing Assets/Prefab/ICE/Tunel Bajo/Tunel bajo 2.prefab using Guid(efb38cc7b72c85d41964a86f7dfe50a6) Importer(815301076,1909f56bfc062723c751e8b465ee728b)  -> (artifact id: '7e7230373d7bf25c365b941f72a4d51f') in 0.002133 seconds
Number of updated asset objects reloaded before import = 0
Number of asset objects unloaded after import = 56
========================================================================
Received Import Request.
  Time since last request: 1.573959 seconds.
  path: Assets/Prefab/ICE/Tunel Bajo/Tunel bajo 2.prefab
  artifactKey: Guid(efb38cc7b72c85d41964a86f7dfe50a6) Importer(815301076,1909f56bfc062723c751e8b465ee728b)
Start importing Assets/Prefab/ICE/Tunel Bajo/Tunel bajo 2.prefab using Guid(efb38cc7b72c85d41964a86f7dfe50a6) Importer(815301076,1909f56bfc062723c751e8b465ee728b)  -> (artifact id: 'c23601d7cdb2309a32fe874b2f22d98e') in 0.002250 seconds
Number of updated asset objects reloaded before import = 0
Number of asset objects unloaded after import = 56
========================================================================
Received Import Request.
  Time since last request: 2.998588 seconds.
  path: Assets/Prefab/ICE/Tunel Bajo/Tunel bajo 2.prefab
  artifactKey: Guid(efb38cc7b72c85d41964a86f7dfe50a6) Importer(815301076,1909f56bfc062723c751e8b465ee728b)
Start importing Assets/Prefab/ICE/Tunel Bajo/Tunel bajo 2.prefab using Guid(efb38cc7b72c85d41964a86f7dfe50a6) Importer(815301076,1909f56bfc062723c751e8b465ee728b)  -> (artifact id: '67136485c15956f555ac62be40204179') in 0.002286 seconds
Number of updated asset objects reloaded before import = 0
Number of asset objects unloaded after import = 56
========================================================================
Received Import Request.
  Time since last request: 2.606385 seconds.
  path: Assets/Prefab/ICE/Tunel Bajo/Tunel bajo 2.prefab
  artifactKey: Guid(efb38cc7b72c85d41964a86f7dfe50a6) Importer(815301076,1909f56bfc062723c751e8b465ee728b)
Start importing Assets/Prefab/ICE/Tunel Bajo/Tunel bajo 2.prefab using Guid(efb38cc7b72c85d41964a86f7dfe50a6) Importer(815301076,1909f56bfc062723c751e8b465ee728b)  -> (artifact id: '584f4cd320b2bb9b9f139d3d67e9ee74') in 0.002149 seconds
Number of updated asset objects reloaded before import = 0
Number of asset objects unloaded after import = 56
========================================================================
Received Import Request.
  Time since last request: 2.798026 seconds.
  path: Assets/Prefab/ICE/Tunel Bajo/Tunel bajo 2.prefab
  artifactKey: Guid(efb38cc7b72c85d41964a86f7dfe50a6) Importer(815301076,1909f56bfc062723c751e8b465ee728b)
Start importing Assets/Prefab/ICE/Tunel Bajo/Tunel bajo 2.prefab using Guid(efb38cc7b72c85d41964a86f7dfe50a6) Importer(815301076,1909f56bfc062723c751e8b465ee728b)  -> (artifact id: 'c1d9d76e5d6383c5e93a37bcb7c0dca5') in 0.002148 seconds
Number of updated asset objects reloaded before import = 0
Number of asset objects unloaded after import = 56
========================================================================
Received Import Request.
  Time since last request: 3.612149 seconds.
  path: Assets/Prefab/ICE/Tunel Bajo/Tunel bajo 2.prefab
  artifactKey: Guid(efb38cc7b72c85d41964a86f7dfe50a6) Importer(815301076,1909f56bfc062723c751e8b465ee728b)
Start importing Assets/Prefab/ICE/Tunel Bajo/Tunel bajo 2.prefab using Guid(efb38cc7b72c85d41964a86f7dfe50a6) Importer(815301076,1909f56bfc062723c751e8b465ee728b)  -> (artifact id: '66559442d7daec22173c8b88975e749c') in 0.002161 seconds
Number of updated asset objects reloaded before import = 0
Number of asset objects unloaded after import = 56
========================================================================
Received Import Request.
  Time since last request: 9.288045 seconds.
  path: Assets/Prefab/ICE/Tunel Bajo/Tunel Bajo 3.prefab
  artifactKey: Guid(370b4804f4d3f9447aebdd3481438efd) Importer(815301076,1909f56bfc062723c751e8b465ee728b)
Start importing Assets/Prefab/ICE/Tunel Bajo/Tunel Bajo 3.prefab using Guid(370b4804f4d3f9447aebdd3481438efd) Importer(815301076,1909f56bfc062723c751e8b465ee728b)  -> (artifact id: '6b4f3017aace010612e2e85a40bd06a4') in 0.002044 seconds
Number of updated asset objects reloaded before import = 0
Number of asset objects unloaded after import = 56
========================================================================
Received Import Request.
  Time since last request: 2.161032 seconds.
  path: Assets/Prefab/ICE/Tunel Bajo/Tunel Bajo 3.prefab
  artifactKey: Guid(370b4804f4d3f9447aebdd3481438efd) Importer(815301076,1909f56bfc062723c751e8b465ee728b)
Start importing Assets/Prefab/ICE/Tunel Bajo/Tunel Bajo 3.prefab using Guid(370b4804f4d3f9447aebdd3481438efd) Importer(815301076,1909f56bfc062723c751e8b465ee728b)  -> (artifact id: '092189cc3a9d069fdfc8819c49255c47') in 0.002479 seconds
Number of updated asset objects reloaded before import = 0
Number of asset objects unloaded after import = 56
========================================================================
Received Import Request.
  Time since last request: 4.408685 seconds.
  path: Assets/Prefab/ICE/Tunel Bajo/Tunel Bajo 3.prefab
  artifactKey: Guid(370b4804f4d3f9447aebdd3481438efd) Importer(815301076,1909f56bfc062723c751e8b465ee728b)
Start importing Assets/Prefab/ICE/Tunel Bajo/Tunel Bajo 3.prefab using Guid(370b4804f4d3f9447aebdd3481438efd) Importer(815301076,1909f56bfc062723c751e8b465ee728b)  -> (artifact id: 'c24dfa594d4cfb363f034cc011fc1fca') in 0.002184 seconds
Number of updated asset objects reloaded before import = 0
Number of asset objects unloaded after import = 56
========================================================================
Received Import Request.
  Time since last request: 4.009608 seconds.
  path: Assets/Prefab/ICE/Tunel Bajo/Tunel Bajo 3.prefab
  artifactKey: Guid(370b4804f4d3f9447aebdd3481438efd) Importer(815301076,1909f56bfc062723c751e8b465ee728b)
Start importing Assets/Prefab/ICE/Tunel Bajo/Tunel Bajo 3.prefab using Guid(370b4804f4d3f9447aebdd3481438efd) Importer(815301076,1909f56bfc062723c751e8b465ee728b)  -> (artifact id: '471c819a7c8563d0a47c9e509a946c04') in 0.002326 seconds
Number of updated asset objects reloaded before import = 0
Number of asset objects unloaded after import = 56
========================================================================
Received Import Request.
  Time since last request: 2.797613 seconds.
  path: Assets/Prefab/ICE/Tunel Bajo/Tunel Bajo 3.prefab
  artifactKey: Guid(370b4804f4d3f9447aebdd3481438efd) Importer(815301076,1909f56bfc062723c751e8b465ee728b)
Start importing Assets/Prefab/ICE/Tunel Bajo/Tunel Bajo 3.prefab using Guid(370b4804f4d3f9447aebdd3481438efd) Importer(815301076,1909f56bfc062723c751e8b465ee728b)  -> (artifact id: '27b72157320bee9b787ee4b5d70a2674') in 0.002139 seconds
Number of updated asset objects reloaded before import = 0
Number of asset objects unloaded after import = 56
========================================================================
Received Import Request.
  Time since last request: 1.790686 seconds.
  path: Assets/Prefab/ICE/Tunel Bajo/Tunel Bajo 3.prefab
  artifactKey: Guid(370b4804f4d3f9447aebdd3481438efd) Importer(815301076,1909f56bfc062723c751e8b465ee728b)
Start importing Assets/Prefab/ICE/Tunel Bajo/Tunel Bajo 3.prefab using Guid(370b4804f4d3f9447aebdd3481438efd) Importer(815301076,1909f56bfc062723c751e8b465ee728b)  -> (artifact id: '2fecf167f2ad4dea97e19a6038fd3758') in 0.002124 seconds
Number of updated asset objects reloaded before import = 0
Number of asset objects unloaded after import = 56
========================================================================
Received Import Request.
  Time since last request: 2.399204 seconds.
  path: Assets/Prefab/ICE/Tunel Bajo/Tunel Bajo 3.prefab
  artifactKey: Guid(370b4804f4d3f9447aebdd3481438efd) Importer(815301076,1909f56bfc062723c751e8b465ee728b)
Start importing Assets/Prefab/ICE/Tunel Bajo/Tunel Bajo 3.prefab using Guid(370b4804f4d3f9447aebdd3481438efd) Importer(815301076,1909f56bfc062723c751e8b465ee728b)  -> (artifact id: 'bb7251723a5ed2e013f08342672651e4') in 0.002282 seconds
Number of updated asset objects reloaded before import = 0
Number of asset objects unloaded after import = 56
========================================================================
Received Import Request.
  Time since last request: 3.197189 seconds.
  path: Assets/Prefab/ICE/Tunel Bajo/Tunel Bajo 3.prefab
  artifactKey: Guid(370b4804f4d3f9447aebdd3481438efd) Importer(815301076,1909f56bfc062723c751e8b465ee728b)
Start importing Assets/Prefab/ICE/Tunel Bajo/Tunel Bajo 3.prefab using Guid(370b4804f4d3f9447aebdd3481438efd) Importer(815301076,1909f56bfc062723c751e8b465ee728b)  -> (artifact id: '8790c99ef32ebe18d743a16f3ca094f8') in 0.002316 seconds
Number of updated asset objects reloaded before import = 0
Number of asset objects unloaded after import = 56
========================================================================
Received Import Request.
  Time since last request: 11.405778 seconds.
  path: Assets/Prefab/ICE/Tunel Bajo/Tunel Bajo 3.prefab
  artifactKey: Guid(370b4804f4d3f9447aebdd3481438efd) Importer(815301076,1909f56bfc062723c751e8b465ee728b)
Start importing Assets/Prefab/ICE/Tunel Bajo/Tunel Bajo 3.prefab using Guid(370b4804f4d3f9447aebdd3481438efd) Importer(815301076,1909f56bfc062723c751e8b465ee728b)  -> (artifact id: 'aa014a289d33a6d19d6956a4b2e61d47') in 0.002180 seconds
Number of updated asset objects reloaded before import = 0
Number of asset objects unloaded after import = 56
========================================================================
Received Import Request.
  Time since last request: 3.454949 seconds.
  path: Assets/Prefab/ICE/Tunel Bajo/Tunel Bajo 3.prefab
  artifactKey: Guid(370b4804f4d3f9447aebdd3481438efd) Importer(815301076,1909f56bfc062723c751e8b465ee728b)
Start importing Assets/Prefab/ICE/Tunel Bajo/Tunel Bajo 3.prefab using Guid(370b4804f4d3f9447aebdd3481438efd) Importer(815301076,1909f56bfc062723c751e8b465ee728b)  -> (artifact id: 'b6e7f2b95ccf9b4dd3ffaaa11e124a92') in 0.003272 seconds
Number of updated asset objects reloaded before import = 0
Number of asset objects unloaded after import = 56
========================================================================
Received Import Request.
  Time since last request: 5.621766 seconds.
  path: Assets/Prefab/ICE/Tunel Bajo/Tunel Bajo 3.prefab
  artifactKey: Guid(370b4804f4d3f9447aebdd3481438efd) Importer(815301076,1909f56bfc062723c751e8b465ee728b)
Start importing Assets/Prefab/ICE/Tunel Bajo/Tunel Bajo 3.prefab using Guid(370b4804f4d3f9447aebdd3481438efd) Importer(815301076,1909f56bfc062723c751e8b465ee728b)  -> (artifact id: '26cc03e86ba7ae4c5c4c16687528f00e') in 0.002049 seconds
Number of updated asset objects reloaded before import = 0
Number of asset objects unloaded after import = 56
========================================================================
Received Import Request.
  Time since last request: 0.988228 seconds.
  path: Assets/Prefab/ICE/Tunel Bajo/Tunel Bajo 3.prefab
  artifactKey: Guid(370b4804f4d3f9447aebdd3481438efd) Importer(815301076,1909f56bfc062723c751e8b465ee728b)
Start importing Assets/Prefab/ICE/Tunel Bajo/Tunel Bajo 3.prefab using Guid(370b4804f4d3f9447aebdd3481438efd) Importer(815301076,1909f56bfc062723c751e8b465ee728b)  -> (artifact id: '722cd75a63934230a46f35fe8e279948') in 0.002079 seconds
Number of updated asset objects reloaded before import = 0
Number of asset objects unloaded after import = 56
========================================================================
Received Prepare
Begin MonoManager ReloadAssembly
Symbol file LoadedFromMemory doesn't match image E:\GitHub\TESIS\Tesis Enchanted Skylands\Library\PackageCache\com.unity.visualscripting@1.8.0\Editor\VisualScripting.Core\Dependencies\YamlDotNet\Unity.VisualScripting.YamlDotNet.dll
Symbol file LoadedFromMemory doesn't match image E:\GitHub\TESIS\Tesis Enchanted Skylands\Library\PackageCache\com.unity.visualscripting@1.8.0\Editor\VisualScripting.Core\Dependencies\DotNetZip\Unity.VisualScripting.IonicZip.dll
- Loaded All Assemblies, in  0.778 seconds
Refreshing native plugins compatible for Editor in 3.59 ms, found 3 plugins.
Native extension for WindowsStandalone target not found
[Package Manager] Server::EnsureServerProcessIsRunning -- launch failed, reason: Unity was launched with the -noUpm command-line argument
[Package Manager] UpmClient::Send -- Unable to send message (not connected to UPM process).
[Package Manager] Cannot connect to Unity Package Manager local server
[Package Manager] Server::EnsureServerProcessIsRunning -- launch failed, reason: Unity was launched with the -noUpm command-line argument
[Package Manager] UpmClient::Send -- Unable to send message (not connected to UPM process).
[Package Manager] Cannot connect to Unity Package Manager local server
Mono: successfully reloaded assembly
- Finished resetting the current domain, in  1.454 seconds
Domain Reload Profiling: 2229ms
	BeginReloadAssembly (152ms)
		ExecutionOrderSort (0ms)
		DisableScriptedObjects (5ms)
		BackupInstance (0ms)
		ReleaseScriptingObjects (0ms)
		CreateAndSetChildDomain (37ms)
	RebuildCommonClasses (35ms)
	RebuildNativeTypeToScriptingClass (12ms)
	initialDomainReloadingComplete (35ms)
	LoadAllAssembliesAndSetupDomain (541ms)
		LoadAssemblies (274ms)
		RebuildTransferFunctionScriptingTraits (0ms)
		AnalyzeDomain (334ms)
			TypeCache.Refresh (319ms)
				TypeCache.ScanAssembly (306ms)
			ScanForSourceGeneratedMonoScriptInfo (0ms)
			ResolveRequiredComponents (15ms)
	FinalizeReload (1454ms)
		ReleaseScriptCaches (0ms)
		RebuildScriptCaches (0ms)
		SetupLoadedEditorAssemblies (654ms)
			LogAssemblyErrors (0ms)
			InitializePlatformSupportModulesInManaged (9ms)
			SetLoadedEditorAssemblies (4ms)
			RefreshPlugins (0ms)
			BeforeProcessingInitializeOnLoad (91ms)
			ProcessInitializeOnLoadAttributes (455ms)
			ProcessInitializeOnLoadMethodAttributes (82ms)
			AfterProcessingInitializeOnLoad (13ms)
			EditorAssembliesLoaded (0ms)
		ExecutionOrderSort2 (0ms)
		AwakeInstancesAfterBackupRestoration (23ms)
Refreshing native plugins compatible for Editor in 3.13 ms, found 3 plugins.
Preloading 0 native plugins for Editor in 0.00 ms.
Unloading 5867 Unused Serialized files (Serialized files now loaded: 0)
Unloading 44 unused Assets / (390.0 KB). Loaded Objects now: 6779.
Memory consumption went from 305.9 MB to 305.5 MB.
Total: 4.455800 ms (FindLiveObjects: 0.833100 ms CreateObjectMapping: 0.288900 ms MarkObjects: 3.219000 ms  DeleteObjects: 0.113400 ms)

Prepare: number of updated asset objects reloaded= 0
AssetImportParameters requested are different than current active one (requested -> active):
  custom:container-demuxer-ogg: 62fdf1f143b41e24485cea50d1cbac27 -> 
  custom:video-decoder-ogg-theora: a1e56fd34408186e4bbccfd4996cb3dc -> 
  custom:framework-win-MediaFoundation: 216162199b28c13a410421893ffa2e32 -> 
  custom:CustomObjectIndexerAttribute: a3ef5dd2817f97addfee359851a9dba5 -> 
  custom:container-demuxer-webm: 4f35f7cbe854078d1ac9338744f61a02 -> 
  custom:container-muxer-webm: aa71ff27fc2769a1b78a27578f13a17b -> 
  custom:video-decoder-webm-vp8: 9c59270c3fd7afecdb556c50c9e8de78 -> 
  custom:AudioImporter_EditorPlatform: d09bf68614088b80899f8185d706f6e7 -> 
  custom:video-encoder-webm-vp8: eb34c28f22e8b96e1ab97ce403110664 -> 
  custom:audio-decoder-ogg-vorbis: bf7c407c2cedff20999df2af8eb42d56 -> 
  custom:audio-encoder-webm-vorbis: bf7c407c2cedff20999df2af8eb42d56 -> 
========================================================================
Received Import Request.
  Time since last request: 104.145782 seconds.
  path: Assets/Prefab/Pillars/Ice/Pillar 1.prefab
  artifactKey: Guid(18b2d717f646d384ba5049096f53c69e) Importer(815301076,1909f56bfc062723c751e8b465ee728b)
Start importing Assets/Prefab/Pillars/Ice/Pillar 1.prefab using Guid(18b2d717f646d384ba5049096f53c69e) Importer(815301076,1909f56bfc062723c751e8b465ee728b)  -> (artifact id: 'fa18d59228a050076be3e297e62998b5') in 0.030799 seconds
Number of updated asset objects reloaded before import = 0
Number of asset objects unloaded after import = 10
========================================================================
Received Import Request.
  Time since last request: 0.000018 seconds.
  path: Assets/Prefab/Pillars/Ice/Pillar 3.prefab
  artifactKey: Guid(b82c8623894de2a4a88c04d831ee0576) Importer(815301076,1909f56bfc062723c751e8b465ee728b)
Start importing Assets/Prefab/Pillars/Ice/Pillar 3.prefab using Guid(b82c8623894de2a4a88c04d831ee0576) Importer(815301076,1909f56bfc062723c751e8b465ee728b)  -> (artifact id: '35fc7a9d44f73c15c14de7637172b3c4') in 0.001559 seconds
Number of updated asset objects reloaded before import = 0
Number of asset objects unloaded after import = 10
========================================================================
Received Import Request.
  Time since last request: 8.716594 seconds.
  path: Assets/Prefab/Pillars/Ice/Pillar 1.prefab
  artifactKey: Guid(18b2d717f646d384ba5049096f53c69e) Importer(815301076,1909f56bfc062723c751e8b465ee728b)
Start importing Assets/Prefab/Pillars/Ice/Pillar 1.prefab using Guid(18b2d717f646d384ba5049096f53c69e) Importer(815301076,1909f56bfc062723c751e8b465ee728b)  -> (artifact id: '304522de860083edaa66dbc32d5b9aa0') in 0.001720 seconds
Number of updated asset objects reloaded before import = 0
Number of asset objects unloaded after import = 10
========================================================================
Received Import Request.
  Time since last request: 1.307819 seconds.
  path: Assets/Prefab/Pillars/Ice/Pillar 1.prefab
  artifactKey: Guid(18b2d717f646d384ba5049096f53c69e) Importer(815301076,1909f56bfc062723c751e8b465ee728b)
Start importing Assets/Prefab/Pillars/Ice/Pillar 1.prefab using Guid(18b2d717f646d384ba5049096f53c69e) Importer(815301076,1909f56bfc062723c751e8b465ee728b)  -> (artifact id: '94fa384325c2d375636984a3aad32849') in 0.001497 seconds
Number of updated asset objects reloaded before import = 0
Number of asset objects unloaded after import = 10
========================================================================
Received Import Request.
  Time since last request: 5.427186 seconds.
  path: Assets/Prefab/Pillars/Ice/Pillar 2.prefab
  artifactKey: Guid(eaf31b72d3f3b3e44b2a51efb27619ff) Importer(815301076,1909f56bfc062723c751e8b465ee728b)
Start importing Assets/Prefab/Pillars/Ice/Pillar 2.prefab using Guid(eaf31b72d3f3b3e44b2a51efb27619ff) Importer(815301076,1909f56bfc062723c751e8b465ee728b)  -> (artifact id: '99127e398c2e343881863435ff71a48a') in 0.001550 seconds
Number of updated asset objects reloaded before import = 0
Number of asset objects unloaded after import = 10
========================================================================
Received Import Request.
  Time since last request: 4.623178 seconds.
  path: Assets/Prefab/Pillars/Ice/Pillar 3.prefab
  artifactKey: Guid(b82c8623894de2a4a88c04d831ee0576) Importer(815301076,1909f56bfc062723c751e8b465ee728b)
Start importing Assets/Prefab/Pillars/Ice/Pillar 3.prefab using Guid(b82c8623894de2a4a88c04d831ee0576) Importer(815301076,1909f56bfc062723c751e8b465ee728b)  -> (artifact id: 'e1f08088d9eeb28f7b69b252765ac05c') in 0.001771 seconds
Number of updated asset objects reloaded before import = 0
Number of asset objects unloaded after import = 10
========================================================================
Received Prepare
Begin MonoManager ReloadAssembly
Symbol file LoadedFromMemory doesn't match image E:\GitHub\TESIS\Tesis Enchanted Skylands\Library\PackageCache\com.unity.visualscripting@1.8.0\Editor\VisualScripting.Core\Dependencies\YamlDotNet\Unity.VisualScripting.YamlDotNet.dll
Symbol file LoadedFromMemory doesn't match image E:\GitHub\TESIS\Tesis Enchanted Skylands\Library\PackageCache\com.unity.visualscripting@1.8.0\Editor\VisualScripting.Core\Dependencies\DotNetZip\Unity.VisualScripting.IonicZip.dll
- Loaded All Assemblies, in  0.779 seconds
Refreshing native plugins compatible for Editor in 3.14 ms, found 3 plugins.
Native extension for WindowsStandalone target not found
[Package Manager] Server::EnsureServerProcessIsRunning -- launch failed, reason: Unity was launched with the -noUpm command-line argument
[Package Manager] UpmClient::Send -- Unable to send message (not connected to UPM process).
[Package Manager] Cannot connect to Unity Package Manager local server
[Package Manager] Server::EnsureServerProcessIsRunning -- launch failed, reason: Unity was launched with the -noUpm command-line argument
[Package Manager] UpmClient::Send -- Unable to send message (not connected to UPM process).
[Package Manager] Cannot connect to Unity Package Manager local server
Mono: successfully reloaded assembly
- Finished resetting the current domain, in  1.462 seconds
Domain Reload Profiling: 2238ms
	BeginReloadAssembly (151ms)
		ExecutionOrderSort (0ms)
		DisableScriptedObjects (5ms)
		BackupInstance (0ms)
		ReleaseScriptingObjects (0ms)
		CreateAndSetChildDomain (37ms)
	RebuildCommonClasses (35ms)
	RebuildNativeTypeToScriptingClass (13ms)
	initialDomainReloadingComplete (36ms)
	LoadAllAssembliesAndSetupDomain (541ms)
		LoadAssemblies (275ms)
		RebuildTransferFunctionScriptingTraits (0ms)
		AnalyzeDomain (333ms)
			TypeCache.Refresh (318ms)
				TypeCache.ScanAssembly (304ms)
			ScanForSourceGeneratedMonoScriptInfo (0ms)
			ResolveRequiredComponents (15ms)
	FinalizeReload (1462ms)
		ReleaseScriptCaches (0ms)
		RebuildScriptCaches (0ms)
		SetupLoadedEditorAssemblies (660ms)
			LogAssemblyErrors (0ms)
			InitializePlatformSupportModulesInManaged (9ms)
			SetLoadedEditorAssemblies (4ms)
			RefreshPlugins (0ms)
			BeforeProcessingInitializeOnLoad (93ms)
			ProcessInitializeOnLoadAttributes (458ms)
			ProcessInitializeOnLoadMethodAttributes (82ms)
			AfterProcessingInitializeOnLoad (14ms)
			EditorAssembliesLoaded (0ms)
		ExecutionOrderSort2 (0ms)
		AwakeInstancesAfterBackupRestoration (22ms)
Refreshing native plugins compatible for Editor in 3.54 ms, found 3 plugins.
Preloading 0 native plugins for Editor in 0.00 ms.
Unloading 5867 Unused Serialized files (Serialized files now loaded: 0)
Unloading 44 unused Assets / (390.1 KB). Loaded Objects now: 6795.
Memory consumption went from 305.9 MB to 305.5 MB.
Total: 4.746800 ms (FindLiveObjects: 0.892000 ms CreateObjectMapping: 0.336900 ms MarkObjects: 3.383900 ms  DeleteObjects: 0.132700 ms)

Prepare: number of updated asset objects reloaded= 0
AssetImportParameters requested are different than current active one (requested -> active):
  custom:container-demuxer-ogg: 62fdf1f143b41e24485cea50d1cbac27 -> 
  custom:video-decoder-ogg-theora: a1e56fd34408186e4bbccfd4996cb3dc -> 
  custom:framework-win-MediaFoundation: 216162199b28c13a410421893ffa2e32 -> 
  custom:CustomObjectIndexerAttribute: a3ef5dd2817f97addfee359851a9dba5 -> 
  custom:container-demuxer-webm: 4f35f7cbe854078d1ac9338744f61a02 -> 
  custom:container-muxer-webm: aa71ff27fc2769a1b78a27578f13a17b -> 
  custom:video-decoder-webm-vp8: 9c59270c3fd7afecdb556c50c9e8de78 -> 
  custom:AudioImporter_EditorPlatform: d09bf68614088b80899f8185d706f6e7 -> 
  custom:video-encoder-webm-vp8: eb34c28f22e8b96e1ab97ce403110664 -> 
  custom:audio-decoder-ogg-vorbis: bf7c407c2cedff20999df2af8eb42d56 -> 
  custom:audio-encoder-webm-vorbis: bf7c407c2cedff20999df2af8eb42d56 -> 
========================================================================
Received Prepare
Begin MonoManager ReloadAssembly
Symbol file LoadedFromMemory doesn't match image E:\GitHub\TESIS\Tesis Enchanted Skylands\Library\PackageCache\com.unity.visualscripting@1.8.0\Editor\VisualScripting.Core\Dependencies\YamlDotNet\Unity.VisualScripting.YamlDotNet.dll
Symbol file LoadedFromMemory doesn't match image E:\GitHub\TESIS\Tesis Enchanted Skylands\Library\PackageCache\com.unity.visualscripting@1.8.0\Editor\VisualScripting.Core\Dependencies\DotNetZip\Unity.VisualScripting.IonicZip.dll
- Loaded All Assemblies, in  0.744 seconds
Refreshing native plugins compatible for Editor in 3.58 ms, found 3 plugins.
Native extension for WindowsStandalone target not found
[Package Manager] Server::EnsureServerProcessIsRunning -- launch failed, reason: Unity was launched with the -noUpm command-line argument
[Package Manager] UpmClient::Send -- Unable to send message (not connected to UPM process).
[Package Manager] Cannot connect to Unity Package Manager local server
[Package Manager] Server::EnsureServerProcessIsRunning -- launch failed, reason: Unity was launched with the -noUpm command-line argument
[Package Manager] UpmClient::Send -- Unable to send message (not connected to UPM process).
[Package Manager] Cannot connect to Unity Package Manager local server
Mono: successfully reloaded assembly
- Finished resetting the current domain, in  1.446 seconds
Domain Reload Profiling: 2187ms
	BeginReloadAssembly (153ms)
		ExecutionOrderSort (0ms)
		DisableScriptedObjects (5ms)
		BackupInstance (0ms)
		ReleaseScriptingObjects (0ms)
		CreateAndSetChildDomain (35ms)
	RebuildCommonClasses (34ms)
	RebuildNativeTypeToScriptingClass (13ms)
	initialDomainReloadingComplete (35ms)
	LoadAllAssembliesAndSetupDomain (505ms)
		LoadAssemblies (271ms)
		RebuildTransferFunctionScriptingTraits (0ms)
		AnalyzeDomain (298ms)
			TypeCache.Refresh (285ms)
				TypeCache.ScanAssembly (272ms)
			ScanForSourceGeneratedMonoScriptInfo (0ms)
			ResolveRequiredComponents (13ms)
	FinalizeReload (1447ms)
		ReleaseScriptCaches (0ms)
		RebuildScriptCaches (0ms)
		SetupLoadedEditorAssemblies (649ms)
			LogAssemblyErrors (0ms)
			InitializePlatformSupportModulesInManaged (9ms)
			SetLoadedEditorAssemblies (4ms)
			RefreshPlugins (0ms)
			BeforeProcessingInitializeOnLoad (93ms)
			ProcessInitializeOnLoadAttributes (447ms)
			ProcessInitializeOnLoadMethodAttributes (84ms)
			AfterProcessingInitializeOnLoad (13ms)
			EditorAssembliesLoaded (0ms)
		ExecutionOrderSort2 (0ms)
		AwakeInstancesAfterBackupRestoration (23ms)
Refreshing native plugins compatible for Editor in 3.22 ms, found 3 plugins.
Preloading 0 native plugins for Editor in 0.00 ms.
Unloading 5867 Unused Serialized files (Serialized files now loaded: 0)
Unloading 44 unused Assets / (390.2 KB). Loaded Objects now: 6811.
Memory consumption went from 305.9 MB to 305.5 MB.
Total: 5.199600 ms (FindLiveObjects: 0.924700 ms CreateObjectMapping: 0.320100 ms MarkObjects: 3.821200 ms  DeleteObjects: 0.132300 ms)

Prepare: number of updated asset objects reloaded= 0
AssetImportParameters requested are different than current active one (requested -> active):
  custom:container-demuxer-ogg: 62fdf1f143b41e24485cea50d1cbac27 -> 
  custom:video-decoder-ogg-theora: a1e56fd34408186e4bbccfd4996cb3dc -> 
  custom:framework-win-MediaFoundation: 216162199b28c13a410421893ffa2e32 -> 
  custom:CustomObjectIndexerAttribute: a3ef5dd2817f97addfee359851a9dba5 -> 
  custom:container-demuxer-webm: 4f35f7cbe854078d1ac9338744f61a02 -> 
  custom:container-muxer-webm: aa71ff27fc2769a1b78a27578f13a17b -> 
  custom:video-decoder-webm-vp8: 9c59270c3fd7afecdb556c50c9e8de78 -> 
  custom:AudioImporter_EditorPlatform: d09bf68614088b80899f8185d706f6e7 -> 
  custom:video-encoder-webm-vp8: eb34c28f22e8b96e1ab97ce403110664 -> 
  custom:audio-decoder-ogg-vorbis: bf7c407c2cedff20999df2af8eb42d56 -> 
  custom:audio-encoder-webm-vorbis: bf7c407c2cedff20999df2af8eb42d56 -> 
========================================================================
Received Prepare
Begin MonoManager ReloadAssembly
Symbol file LoadedFromMemory doesn't match image E:\GitHub\TESIS\Tesis Enchanted Skylands\Library\PackageCache\com.unity.visualscripting@1.8.0\Editor\VisualScripting.Core\Dependencies\YamlDotNet\Unity.VisualScripting.YamlDotNet.dll
Symbol file LoadedFromMemory doesn't match image E:\GitHub\TESIS\Tesis Enchanted Skylands\Library\PackageCache\com.unity.visualscripting@1.8.0\Editor\VisualScripting.Core\Dependencies\DotNetZip\Unity.VisualScripting.IonicZip.dll
- Loaded All Assemblies, in  0.754 seconds
Refreshing native plugins compatible for Editor in 3.79 ms, found 3 plugins.
Native extension for WindowsStandalone target not found
[Package Manager] Server::EnsureServerProcessIsRunning -- launch failed, reason: Unity was launched with the -noUpm command-line argument
[Package Manager] UpmClient::Send -- Unable to send message (not connected to UPM process).
[Package Manager] Cannot connect to Unity Package Manager local server
[Package Manager] Server::EnsureServerProcessIsRunning -- launch failed, reason: Unity was launched with the -noUpm command-line argument
[Package Manager] UpmClient::Send -- Unable to send message (not connected to UPM process).
[Package Manager] Cannot connect to Unity Package Manager local server
Mono: successfully reloaded assembly
- Finished resetting the current domain, in  1.446 seconds
Domain Reload Profiling: 2197ms
	BeginReloadAssembly (154ms)
		ExecutionOrderSort (0ms)
		DisableScriptedObjects (5ms)
		BackupInstance (0ms)
		ReleaseScriptingObjects (0ms)
		CreateAndSetChildDomain (37ms)
	RebuildCommonClasses (34ms)
	RebuildNativeTypeToScriptingClass (15ms)
	initialDomainReloadingComplete (34ms)
	LoadAllAssembliesAndSetupDomain (514ms)
		LoadAssemblies (275ms)
		RebuildTransferFunctionScriptingTraits (0ms)
		AnalyzeDomain (309ms)
			TypeCache.Refresh (294ms)
				TypeCache.ScanAssembly (281ms)
			ScanForSourceGeneratedMonoScriptInfo (0ms)
			ResolveRequiredComponents (15ms)
	FinalizeReload (1447ms)
		ReleaseScriptCaches (0ms)
		RebuildScriptCaches (0ms)
		SetupLoadedEditorAssemblies (652ms)
			LogAssemblyErrors (0ms)
			InitializePlatformSupportModulesInManaged (9ms)
			SetLoadedEditorAssemblies (4ms)
			RefreshPlugins (0ms)
			BeforeProcessingInitializeOnLoad (93ms)
			ProcessInitializeOnLoadAttributes (450ms)
			ProcessInitializeOnLoadMethodAttributes (82ms)
			AfterProcessingInitializeOnLoad (14ms)
			EditorAssembliesLoaded (0ms)
		ExecutionOrderSort2 (0ms)
		AwakeInstancesAfterBackupRestoration (22ms)
Refreshing native plugins compatible for Editor in 3.78 ms, found 3 plugins.
Preloading 0 native plugins for Editor in 0.00 ms.
Unloading 5867 Unused Serialized files (Serialized files now loaded: 0)
Unloading 44 unused Assets / (389.6 KB). Loaded Objects now: 6827.
Memory consumption went from 305.9 MB to 305.5 MB.
Total: 4.405900 ms (FindLiveObjects: 0.922600 ms CreateObjectMapping: 0.302700 ms MarkObjects: 3.065400 ms  DeleteObjects: 0.113600 ms)

Prepare: number of updated asset objects reloaded= 0
AssetImportParameters requested are different than current active one (requested -> active):
  custom:container-demuxer-ogg: 62fdf1f143b41e24485cea50d1cbac27 -> 
  custom:video-decoder-ogg-theora: a1e56fd34408186e4bbccfd4996cb3dc -> 
  custom:framework-win-MediaFoundation: 216162199b28c13a410421893ffa2e32 -> 
  custom:CustomObjectIndexerAttribute: a3ef5dd2817f97addfee359851a9dba5 -> 
  custom:container-demuxer-webm: 4f35f7cbe854078d1ac9338744f61a02 -> 
  custom:container-muxer-webm: aa71ff27fc2769a1b78a27578f13a17b -> 
  custom:video-decoder-webm-vp8: 9c59270c3fd7afecdb556c50c9e8de78 -> 
  custom:AudioImporter_EditorPlatform: d09bf68614088b80899f8185d706f6e7 -> 
  custom:video-encoder-webm-vp8: eb34c28f22e8b96e1ab97ce403110664 -> 
  custom:audio-decoder-ogg-vorbis: bf7c407c2cedff20999df2af8eb42d56 -> 
  custom:audio-encoder-webm-vorbis: bf7c407c2cedff20999df2af8eb42d56 -> 
========================================================================
Received Prepare
Begin MonoManager ReloadAssembly
Symbol file LoadedFromMemory doesn't match image E:\GitHub\TESIS\Tesis Enchanted Skylands\Library\PackageCache\com.unity.visualscripting@1.8.0\Editor\VisualScripting.Core\Dependencies\YamlDotNet\Unity.VisualScripting.YamlDotNet.dll
Symbol file LoadedFromMemory doesn't match image E:\GitHub\TESIS\Tesis Enchanted Skylands\Library\PackageCache\com.unity.visualscripting@1.8.0\Editor\VisualScripting.Core\Dependencies\DotNetZip\Unity.VisualScripting.IonicZip.dll
- Loaded All Assemblies, in  0.784 seconds
Refreshing native plugins compatible for Editor in 3.37 ms, found 3 plugins.
Native extension for WindowsStandalone target not found
[Package Manager] Server::EnsureServerProcessIsRunning -- launch failed, reason: Unity was launched with the -noUpm command-line argument
[Package Manager] UpmClient::Send -- Unable to send message (not connected to UPM process).
[Package Manager] Cannot connect to Unity Package Manager local server
[Package Manager] Server::EnsureServerProcessIsRunning -- launch failed, reason: Unity was launched with the -noUpm command-line argument
[Package Manager] UpmClient::Send -- Unable to send message (not connected to UPM process).
[Package Manager] Cannot connect to Unity Package Manager local server
Mono: successfully reloaded assembly
- Finished resetting the current domain, in  1.462 seconds
Domain Reload Profiling: 2244ms
	BeginReloadAssembly (152ms)
		ExecutionOrderSort (0ms)
		DisableScriptedObjects (4ms)
		BackupInstance (0ms)
		ReleaseScriptingObjects (0ms)
		CreateAndSetChildDomain (36ms)
	RebuildCommonClasses (35ms)
	RebuildNativeTypeToScriptingClass (13ms)
	initialDomainReloadingComplete (35ms)
	LoadAllAssembliesAndSetupDomain (545ms)
		LoadAssemblies (282ms)
		RebuildTransferFunctionScriptingTraits (0ms)
		AnalyzeDomain (333ms)
			TypeCache.Refresh (318ms)
				TypeCache.ScanAssembly (305ms)
			ScanForSourceGeneratedMonoScriptInfo (0ms)
			ResolveRequiredComponents (15ms)
	FinalizeReload (1463ms)
		ReleaseScriptCaches (0ms)
		RebuildScriptCaches (0ms)
		SetupLoadedEditorAssemblies (658ms)
			LogAssemblyErrors (0ms)
			InitializePlatformSupportModulesInManaged (9ms)
			SetLoadedEditorAssemblies (4ms)
			RefreshPlugins (0ms)
			BeforeProcessingInitializeOnLoad (93ms)
			ProcessInitializeOnLoadAttributes (456ms)
			ProcessInitializeOnLoadMethodAttributes (83ms)
			AfterProcessingInitializeOnLoad (14ms)
			EditorAssembliesLoaded (0ms)
		ExecutionOrderSort2 (0ms)
		AwakeInstancesAfterBackupRestoration (24ms)
Refreshing native plugins compatible for Editor in 3.51 ms, found 3 plugins.
Preloading 0 native plugins for Editor in 0.00 ms.
Unloading 5867 Unused Serialized files (Serialized files now loaded: 0)
Unloading 44 unused Assets / (390.1 KB). Loaded Objects now: 6843.
Memory consumption went from 305.9 MB to 305.5 MB.
Total: 4.673900 ms (FindLiveObjects: 0.782900 ms CreateObjectMapping: 0.322300 ms MarkObjects: 3.448600 ms  DeleteObjects: 0.118700 ms)

Prepare: number of updated asset objects reloaded= 0
AssetImportParameters requested are different than current active one (requested -> active):
  custom:container-demuxer-ogg: 62fdf1f143b41e24485cea50d1cbac27 -> 
  custom:video-decoder-ogg-theora: a1e56fd34408186e4bbccfd4996cb3dc -> 
  custom:framework-win-MediaFoundation: 216162199b28c13a410421893ffa2e32 -> 
  custom:CustomObjectIndexerAttribute: a3ef5dd2817f97addfee359851a9dba5 -> 
  custom:container-demuxer-webm: 4f35f7cbe854078d1ac9338744f61a02 -> 
  custom:container-muxer-webm: aa71ff27fc2769a1b78a27578f13a17b -> 
  custom:video-decoder-webm-vp8: 9c59270c3fd7afecdb556c50c9e8de78 -> 
  custom:AudioImporter_EditorPlatform: d09bf68614088b80899f8185d706f6e7 -> 
  custom:video-encoder-webm-vp8: eb34c28f22e8b96e1ab97ce403110664 -> 
  custom:audio-decoder-ogg-vorbis: bf7c407c2cedff20999df2af8eb42d56 -> 
  custom:audio-encoder-webm-vorbis: bf7c407c2cedff20999df2af8eb42d56 -> 
========================================================================
Received Import Request.
  Time since last request: 437.545375 seconds.
  path: Assets/Prefab/Crystals/Crystal 1.prefab
  artifactKey: Guid(94a9632ff57daa14381445ecbe9ddd6b) Importer(815301076,1909f56bfc062723c751e8b465ee728b)
Start importing Assets/Prefab/Crystals/Crystal 1.prefab using Guid(94a9632ff57daa14381445ecbe9ddd6b) Importer(815301076,1909f56bfc062723c751e8b465ee728b)  -> (artifact id: 'de434d2d75e6f0724eadfa35b3edff28') in 0.038499 seconds
Number of updated asset objects reloaded before import = 0
Number of asset objects unloaded after import = 22
========================================================================
Received Import Request.
  Time since last request: 0.000021 seconds.
  path: Assets/Prefab/Crystals/Set5.prefab
  artifactKey: Guid(199e52c2d2d6e3d488a673c0986a3fbf) Importer(815301076,1909f56bfc062723c751e8b465ee728b)
Start importing Assets/Prefab/Crystals/Set5.prefab using Guid(199e52c2d2d6e3d488a673c0986a3fbf) Importer(815301076,1909f56bfc062723c751e8b465ee728b)  -> (artifact id: 'f7d748d144319ff0eeb7b524bad5407d') in 0.005763 seconds
Number of updated asset objects reloaded before import = 0
Number of asset objects unloaded after import = 181
========================================================================
Received Import Request.
  Time since last request: 0.000024 seconds.
  path: Assets/Prefab/Crystals/Crystal 4.prefab
  artifactKey: Guid(a14bbeca8d07c204d95d026f92e4eb72) Importer(815301076,1909f56bfc062723c751e8b465ee728b)
Start importing Assets/Prefab/Crystals/Crystal 4.prefab using Guid(a14bbeca8d07c204d95d026f92e4eb72) Importer(815301076,1909f56bfc062723c751e8b465ee728b)  -> (artifact id: 'd49ee718d4113a209a703af07178d00b') in 0.002950 seconds
Number of updated asset objects reloaded before import = 0
Number of asset objects unloaded after import = 22
========================================================================
Received Import Request.
  Time since last request: 0.000015 seconds.
  path: Assets/Prefab/Crystals/Set4.prefab
  artifactKey: Guid(90add17cbafa380449bdf97b89e42081) Importer(815301076,1909f56bfc062723c751e8b465ee728b)
Start importing Assets/Prefab/Crystals/Set4.prefab using Guid(90add17cbafa380449bdf97b89e42081) Importer(815301076,1909f56bfc062723c751e8b465ee728b)  -> (artifact id: 'e52b2befff687571f82a241eab7d7672') in 0.005485 seconds
Number of updated asset objects reloaded before import = 0
Number of asset objects unloaded after import = 181
========================================================================
Received Import Request.
  Time since last request: 0.000013 seconds.
  path: Assets/Prefab/Crystals/Set1.prefab
  artifactKey: Guid(8ac03a330a5ac1d4787f7ddced069a91) Importer(815301076,1909f56bfc062723c751e8b465ee728b)
Start importing Assets/Prefab/Crystals/Set1.prefab using Guid(8ac03a330a5ac1d4787f7ddced069a91) Importer(815301076,1909f56bfc062723c751e8b465ee728b)  -> (artifact id: '5867933814dd45638f8efae4aad2a9b9') in 0.006642 seconds
Number of updated asset objects reloaded before import = 0
Number of asset objects unloaded after import = 237
========================================================================
Received Prepare
Begin MonoManager ReloadAssembly
Symbol file LoadedFromMemory doesn't match image E:\GitHub\TESIS\Tesis Enchanted Skylands\Library\PackageCache\com.unity.visualscripting@1.8.0\Editor\VisualScripting.Core\Dependencies\YamlDotNet\Unity.VisualScripting.YamlDotNet.dll
Symbol file LoadedFromMemory doesn't match image E:\GitHub\TESIS\Tesis Enchanted Skylands\Library\PackageCache\com.unity.visualscripting@1.8.0\Editor\VisualScripting.Core\Dependencies\DotNetZip\Unity.VisualScripting.IonicZip.dll
- Loaded All Assemblies, in  0.805 seconds
Refreshing native plugins compatible for Editor in 3.28 ms, found 3 plugins.
Native extension for WindowsStandalone target not found
[Package Manager] Server::EnsureServerProcessIsRunning -- launch failed, reason: Unity was launched with the -noUpm command-line argument
[Package Manager] UpmClient::Send -- Unable to send message (not connected to UPM process).
[Package Manager] Cannot connect to Unity Package Manager local server
[Package Manager] Server::EnsureServerProcessIsRunning -- launch failed, reason: Unity was launched with the -noUpm command-line argument
[Package Manager] UpmClient::Send -- Unable to send message (not connected to UPM process).
[Package Manager] Cannot connect to Unity Package Manager local server
Mono: successfully reloaded assembly
- Finished resetting the current domain, in  1.464 seconds
Domain Reload Profiling: 2266ms
	BeginReloadAssembly (159ms)
		ExecutionOrderSort (0ms)
		DisableScriptedObjects (6ms)
		BackupInstance (0ms)
		ReleaseScriptingObjects (0ms)
		CreateAndSetChildDomain (39ms)
	RebuildCommonClasses (36ms)
	RebuildNativeTypeToScriptingClass (13ms)
	initialDomainReloadingComplete (37ms)
	LoadAllAssembliesAndSetupDomain (557ms)
		LoadAssemblies (285ms)
		RebuildTransferFunctionScriptingTraits (0ms)
		AnalyzeDomain (341ms)
			TypeCache.Refresh (325ms)
				TypeCache.ScanAssembly (312ms)
			ScanForSourceGeneratedMonoScriptInfo (0ms)
			ResolveRequiredComponents (16ms)
	FinalizeReload (1465ms)
		ReleaseScriptCaches (0ms)
		RebuildScriptCaches (0ms)
		SetupLoadedEditorAssemblies (676ms)
			LogAssemblyErrors (0ms)
			InitializePlatformSupportModulesInManaged (9ms)
			SetLoadedEditorAssemblies (4ms)
			RefreshPlugins (0ms)
			BeforeProcessingInitializeOnLoad (92ms)
			ProcessInitializeOnLoadAttributes (470ms)
			ProcessInitializeOnLoadMethodAttributes (86ms)
			AfterProcessingInitializeOnLoad (14ms)
			EditorAssembliesLoaded (0ms)
		ExecutionOrderSort2 (0ms)
		AwakeInstancesAfterBackupRestoration (22ms)
Refreshing native plugins compatible for Editor in 3.46 ms, found 3 plugins.
Preloading 0 native plugins for Editor in 0.00 ms.
Unloading 5867 Unused Serialized files (Serialized files now loaded: 0)
Unloading 44 unused Assets / (389.9 KB). Loaded Objects now: 6860.
Memory consumption went from 306.0 MB to 305.6 MB.
Total: 4.879600 ms (FindLiveObjects: 0.820000 ms CreateObjectMapping: 0.401600 ms MarkObjects: 3.511000 ms  DeleteObjects: 0.145800 ms)

Prepare: number of updated asset objects reloaded= 0
AssetImportParameters requested are different than current active one (requested -> active):
  custom:container-demuxer-ogg: 62fdf1f143b41e24485cea50d1cbac27 -> 
  custom:video-decoder-ogg-theora: a1e56fd34408186e4bbccfd4996cb3dc -> 
  custom:framework-win-MediaFoundation: 216162199b28c13a410421893ffa2e32 -> 
  custom:CustomObjectIndexerAttribute: a3ef5dd2817f97addfee359851a9dba5 -> 
  custom:container-demuxer-webm: 4f35f7cbe854078d1ac9338744f61a02 -> 
  custom:container-muxer-webm: aa71ff27fc2769a1b78a27578f13a17b -> 
  custom:video-decoder-webm-vp8: 9c59270c3fd7afecdb556c50c9e8de78 -> 
  custom:AudioImporter_EditorPlatform: d09bf68614088b80899f8185d706f6e7 -> 
  custom:video-encoder-webm-vp8: eb34c28f22e8b96e1ab97ce403110664 -> 
  custom:audio-decoder-ogg-vorbis: bf7c407c2cedff20999df2af8eb42d56 -> 
  custom:audio-encoder-webm-vorbis: bf7c407c2cedff20999df2af8eb42d56 -> 
Editor requested this worker to shutdown with reason: Scaling down because of idle timeout
TcpMessagingSession - receive error: operation aborted. errorcode: 995, details: La operacin de E/S se anul por una salida de subproceso o por una solicitud de aplicacin.
AssetImportWorker is now disconnected from the server
Process exiting
Exiting without the bug reporter. Application will terminate with return code 0